#
# There is insufficient memory for the Java Runtime Environment to continue.
# Native memory allocation (malloc) failed to allocate 2353488 bytes. Error detail: Chunk::new
# Possible reasons:
#   The system is out of physical RAM or swap space
#   This process is running with CompressedOops enabled, and the Java Heap may be blocking the growth of the native heap
# Possible solutions:
#   Reduce memory load on the system
#   Increase physical memory or swap space
#   Check if swap backing store is full
#   Decrease Java heap size (-Xmx/-Xms)
#   Decrease number of Java threads
#   Decrease Java thread stack sizes (-Xss)
#   Set larger code cache with -XX:ReservedCodeCacheSize=
#   JVM is running with Unscaled Compressed Oops mode in which the Java heap is
#     placed in the first 4GB address space. The Java Heap base address is the
#     maximum limit for the native heap growth. Please use -XX:HeapBaseMinAddress
#     to set the Java Heap base and to place the Java Heap above 4GB virtual address.
# This output file may be truncated or incomplete.
#
#  Out of Memory Error (arena.cpp:191), pid=21184, tid=10956
#
# JRE version: OpenJDK Runtime Environment Temurin-17.0.11+9 (17.0.11+9) (build 17.0.11+9)
# Java VM: OpenJDK 64-Bit Server VM Temurin-17.0.11+9 (17.0.11+9, mixed mode, tiered, compressed oops, compressed class ptrs, parallel gc, windows-amd64)
# No core dump will be written. Minidumps are not enabled by default on client versions of Windows
#

---------------  S U M M A R Y ------------

Command Line: --add-modules=ALL-SYSTEM --add-opens=java.base/java.util=ALL-UNNAMED --add-opens=java.base/java.lang=ALL-UNNAMED --add-opens=java.base/sun.nio.fs=ALL-UNNAMED -Declipse.application=org.eclipse.jdt.ls.core.id1 -Dosgi.bundles.defaultStartLevel=4 -Declipse.product=org.eclipse.jdt.ls.core.product -Djava.import.generatesMetadataFilesAtProjectRoot=false -DDetectVMInstallationsJob.disabled=true -Dfile.encoding=utf8 -XX:+UseParallelGC -XX:GCTimeRatio=4 -XX:AdaptiveSizePolicyWeight=90 -Dsun.zip.disableMemoryMapping=true -Xmx1G -Xms100m -Xlog:disable -javaagent:c:\Users\pazsn\.vscode\extensions\redhat.java-1.31.0-win32-x64\lombok\lombok-1.18.32.jar c:\Users\pazsn\.vscode\extensions\redhat.java-1.31.0-win32-x64\server\plugins\org.eclipse.equinox.launcher_1.6.800.v20240513-1750.jar -configuration c:\Users\pazsn\AppData\Roaming\Code\User\globalStorage\redhat.java\1.31.0\config_ss_win -data c:\Users\pazsn\AppData\Roaming\Code\User\workspaceStorage\09d3e4277bdbc03ee512ce1e0c062f27\redhat.java\ss_ws --pipe=\\.\pipe\lsp-b02b81d9389ff16fa34ccc63eb6bbc21-sock

Host: 13th Gen Intel(R) Core(TM) i9-13980HX, 32 cores, 31G,  Windows 11 , 64 bit Build 22621 (10.0.22621.3672)
Time: Thu Jun 20 15:06:24 2024 Jerusalem Daylight Time elapsed time: 5.105818 seconds (0d 0h 0m 5s)

---------------  T H R E A D  ---------------

Current thread (0x000002297a5c6050):  JavaThread "C2 CompilerThread0" daemon [_thread_in_native, id=10956, stack(0x000000f01bc00000,0x000000f01bd00000)]


Current CompileTask:
C2:   5105 5697   !   4       org.eclipse.osgi.internal.loader.classpath.ClasspathManager::defineClass (636 bytes)

Stack: [0x000000f01bc00000,0x000000f01bd00000]
Native frames: (J=compiled Java code, j=interpreted, Vv=VM code, C=native code)
V  [jvm.dll+0x67d429]
V  [jvm.dll+0x834b7a]
V  [jvm.dll+0x83663e]
V  [jvm.dll+0x836ca3]
V  [jvm.dll+0x247dbf]
V  [jvm.dll+0xac534]
V  [jvm.dll+0xacb7c]
V  [jvm.dll+0x366647]
V  [jvm.dll+0x1bd272]
V  [jvm.dll+0x21a5c9]
V  [jvm.dll+0x2198b1]
V  [jvm.dll+0x1a534d]
V  [jvm.dll+0x2295cd]
V  [jvm.dll+0x22779c]
V  [jvm.dll+0x7e9d07]
V  [jvm.dll+0x7e410a]
V  [jvm.dll+0x67c315]
C  [ucrtbase.dll+0x29333]
C  [KERNEL32.DLL+0x1257d]
C  [ntdll.dll+0x5af28]


---------------  P R O C E S S  ---------------

Threads class SMR info:
_java_thread_list=0x000002291913b7f0, length=75, elements={
0x000002296e4ae6e0, 0x0000022975263250, 0x00000229752640d0, 0x000002297526c520,
0x000002297526d3a0, 0x000002297526e2c0, 0x000002297a5c1550, 0x000002297a5c6050,
0x000002297a5f2bc0, 0x000002297a5fb1c0, 0x000002297a73e5f0, 0x000002297a6ed410,
0x000002297e66b170, 0x000002297e66b690, 0x000002297e823250, 0x000002297e88e4a0,
0x000002297e88c130, 0x000002297e88bc20, 0x000002297e88e9b0, 0x000002297e88d570,
0x000002297e88eec0, 0x000002297e88c640, 0x000002297e88d060, 0x000002297f835c60,
0x000002297e88b710, 0x000002297f64ed50, 0x000002297f64bfc0, 0x000002297f64f260,
0x000002297f64e330, 0x000002297f6506a0, 0x000002297f650190, 0x000002297f64c4d0,
0x000002297f64e840, 0x000002297f650bb0, 0x000002297f64c9e0, 0x000002297f64f770,
0x000002297f64d400, 0x000002297f64d910, 0x000002297f6515d0, 0x000002297f651ae0,
0x000002297f64fc80, 0x000002297f652500, 0x000002297f6510c0, 0x000002297f64cef0,
0x000002297f64b090, 0x000002297f651ff0, 0x000002297f652a10, 0x000002297f64b5a0,
0x000002297f64bab0, 0x000002297f64de20, 0x000002297fa09ec0, 0x000002297fa0c740,
0x000002297fa0a3d0, 0x000002297fa0adf0, 0x000002297fa0f4d0, 0x000002297fa0a8e0,
0x000002297fa0eab0, 0x000002297fa0b300, 0x000002297fa0bd20, 0x000002297fa0d670,
0x000002297fa0b810, 0x000002297fa0e090, 0x000002297fa0efc0, 0x000002297fa08060,
0x000002297fa0c230, 0x000002297fa0e5a0, 0x000002297f699a20, 0x000002297f696a50,
0x000002297f6974f0, 0x000002297f6994d0, 0x000002297f697a40, 0x000002297f698a30,
0x000002291ce425a0, 0x000002291ce3d0a0, 0x000002291ce3c600
}

Java Threads: ( => current thread )
  0x000002296e4ae6e0 JavaThread "main" [_thread_blocked, id=19296, stack(0x000000f01b300000,0x000000f01b400000)]
  0x0000022975263250 JavaThread "Reference Handler" daemon [_thread_blocked, id=9900, stack(0x000000f01b600000,0x000000f01b700000)]
  0x00000229752640d0 JavaThread "Finalizer" daemon [_thread_blocked, id=14280, stack(0x000000f01b700000,0x000000f01b800000)]
  0x000002297526c520 JavaThread "Signal Dispatcher" daemon [_thread_blocked, id=21448, stack(0x000000f01b800000,0x000000f01b900000)]
  0x000002297526d3a0 JavaThread "Attach Listener" daemon [_thread_blocked, id=15104, stack(0x000000f01b900000,0x000000f01ba00000)]
  0x000002297526e2c0 JavaThread "Service Thread" daemon [_thread_blocked, id=22228, stack(0x000000f01ba00000,0x000000f01bb00000)]
  0x000002297a5c1550 JavaThread "Monitor Deflation Thread" daemon [_thread_blocked, id=4300, stack(0x000000f01bb00000,0x000000f01bc00000)]
=>0x000002297a5c6050 JavaThread "C2 CompilerThread0" daemon [_thread_in_native, id=10956, stack(0x000000f01bc00000,0x000000f01bd00000)]
  0x000002297a5f2bc0 JavaThread "C1 CompilerThread0" daemon [_thread_blocked, id=16220, stack(0x000000f01bd00000,0x000000f01be00000)]
  0x000002297a5fb1c0 JavaThread "Sweeper thread" daemon [_thread_blocked, id=13440, stack(0x000000f01be00000,0x000000f01bf00000)]
  0x000002297a73e5f0 JavaThread "Common-Cleaner" daemon [_thread_blocked, id=10060, stack(0x000000f01bf00000,0x000000f01c000000)]
  0x000002297a6ed410 JavaThread "C1 CompilerThread1" daemon [_thread_blocked, id=15280, stack(0x000000f01c000000,0x000000f01c100000)]
  0x000002297e66b170 JavaThread "C1 CompilerThread2" daemon [_thread_blocked, id=18692, stack(0x000000f01c300000,0x000000f01c400000)]
  0x000002297e66b690 JavaThread "C1 CompilerThread3" daemon [_thread_blocked, id=23592, stack(0x000000f01c400000,0x000000f01c500000)]
  0x000002297e823250 JavaThread "Notification Thread" daemon [_thread_blocked, id=9312, stack(0x000000f01c500000,0x000000f01c600000)]
  0x000002297e88e4a0 JavaThread "Active Thread: Equinox Container: 6b7c2b98-1473-45f2-a12e-09561fb6107a" [_thread_blocked, id=10968, stack(0x000000f01ca00000,0x000000f01cb00000)]
  0x000002297e88c130 JavaThread "Framework Event Dispatcher: Equinox Container: 6b7c2b98-1473-45f2-a12e-09561fb6107a" daemon [_thread_blocked, id=13648, stack(0x000000f01d000000,0x000000f01d100000)]
  0x000002297e88bc20 JavaThread "Start Level: Equinox Container: 6b7c2b98-1473-45f2-a12e-09561fb6107a" daemon [_thread_blocked, id=19428, stack(0x000000f01d100000,0x000000f01d200000)]
  0x000002297e88e9b0 JavaThread "SCR Component Actor" daemon [_thread_blocked, id=576, stack(0x000000f01d200000,0x000000f01d300000)]
  0x000002297e88d570 JavaThread "SCR Component Registry" daemon [_thread_blocked, id=5548, stack(0x000000f01d500000,0x000000f01d600000)]
  0x000002297e88eec0 JavaThread "Worker-JM" [_thread_blocked, id=23440, stack(0x000000f01c900000,0x000000f01ca00000)]
  0x000002297e88c640 JavaThread "Worker-0" [_thread_blocked, id=19044, stack(0x000000f01d800000,0x000000f01d900000)]
  0x000002297e88d060 JavaThread "Worker-1" [_thread_blocked, id=14548, stack(0x000000f01da00000,0x000000f01db00000)]
  0x000002297f835c60 JavaThread "C1 CompilerThread4" daemon [_thread_blocked, id=22524, stack(0x000000f01dc00000,0x000000f01dd00000)]
  0x000002297e88b710 JavaThread "JNA Cleaner" daemon [_thread_blocked, id=22612, stack(0x000000f01c100000,0x000000f01c200000)]
  0x000002297f64ed50 JavaThread "Thread-2" daemon [_thread_in_native, id=4056, stack(0x000000f01e000000,0x000000f01e100000)]
  0x000002297f64bfc0 JavaThread "Thread-3" daemon [_thread_in_native, id=6164, stack(0x000000f01e100000,0x000000f01e200000)]
  0x000002297f64f260 JavaThread "Thread-4" daemon [_thread_in_native, id=14676, stack(0x000000f01e200000,0x000000f01e300000)]
  0x000002297f64e330 JavaThread "Thread-5" daemon [_thread_in_native, id=22568, stack(0x000000f01e300000,0x000000f01e400000)]
  0x000002297f6506a0 JavaThread "Thread-6" daemon [_thread_in_native, id=4600, stack(0x000000f01e400000,0x000000f01e500000)]
  0x000002297f650190 JavaThread "Thread-7" daemon [_thread_in_native, id=17460, stack(0x000000f01e500000,0x000000f01e600000)]
  0x000002297f64c4d0 JavaThread "Thread-8" daemon [_thread_in_native, id=6784, stack(0x000000f01e600000,0x000000f01e700000)]
  0x000002297f64e840 JavaThread "Thread-9" daemon [_thread_in_native, id=23756, stack(0x000000f01e700000,0x000000f01e800000)]
  0x000002297f650bb0 JavaThread "Thread-10" daemon [_thread_in_native, id=25056, stack(0x000000f01e800000,0x000000f01e900000)]
  0x000002297f64c9e0 JavaThread "Thread-11" daemon [_thread_in_native, id=23700, stack(0x000000f01e900000,0x000000f01ea00000)]
  0x000002297f64f770 JavaThread "Thread-12" daemon [_thread_in_native, id=23272, stack(0x000000f01ea00000,0x000000f01eb00000)]
  0x000002297f64d400 JavaThread "Thread-13" daemon [_thread_in_native, id=4352, stack(0x000000f01eb00000,0x000000f01ec00000)]
  0x000002297f64d910 JavaThread "Thread-14" daemon [_thread_in_native, id=22536, stack(0x000000f01ec00000,0x000000f01ed00000)]
  0x000002297f6515d0 JavaThread "Thread-15" daemon [_thread_in_native, id=25124, stack(0x000000f01ed00000,0x000000f01ee00000)]
  0x000002297f651ae0 JavaThread "Thread-16" daemon [_thread_in_native, id=25288, stack(0x000000f01ee00000,0x000000f01ef00000)]
  0x000002297f64fc80 JavaThread "Thread-17" daemon [_thread_in_native, id=24112, stack(0x000000f01ef00000,0x000000f01f000000)]
  0x000002297f652500 JavaThread "Thread-18" daemon [_thread_in_native, id=22844, stack(0x000000f01f000000,0x000000f01f100000)]
  0x000002297f6510c0 JavaThread "Thread-19" daemon [_thread_in_native, id=19772, stack(0x000000f01f100000,0x000000f01f200000)]
  0x000002297f64cef0 JavaThread "Thread-20" daemon [_thread_in_native, id=4072, stack(0x000000f01f200000,0x000000f01f300000)]
  0x000002297f64b090 JavaThread "Thread-21" daemon [_thread_in_native, id=24888, stack(0x000000f01f300000,0x000000f01f400000)]
  0x000002297f651ff0 JavaThread "Thread-22" daemon [_thread_in_native, id=22304, stack(0x000000f01f400000,0x000000f01f500000)]
  0x000002297f652a10 JavaThread "Thread-23" daemon [_thread_in_native, id=18056, stack(0x000000f01f500000,0x000000f01f600000)]
  0x000002297f64b5a0 JavaThread "Thread-24" daemon [_thread_in_native, id=23816, stack(0x000000f01f600000,0x000000f01f700000)]
  0x000002297f64bab0 JavaThread "Thread-25" daemon [_thread_in_native, id=15616, stack(0x000000f01f700000,0x000000f01f800000)]
  0x000002297f64de20 JavaThread "Thread-26" daemon [_thread_in_native, id=24308, stack(0x000000f01f800000,0x000000f01f900000)]
  0x000002297fa09ec0 JavaThread "Thread-27" daemon [_thread_in_native, id=14928, stack(0x000000f01f900000,0x000000f01fa00000)]
  0x000002297fa0c740 JavaThread "Thread-28" daemon [_thread_in_native, id=9628, stack(0x000000f01fa00000,0x000000f01fb00000)]
  0x000002297fa0a3d0 JavaThread "Thread-29" daemon [_thread_in_native, id=15576, stack(0x000000f01fb00000,0x000000f01fc00000)]
  0x000002297fa0adf0 JavaThread "Thread-30" daemon [_thread_in_native, id=22708, stack(0x000000f01fc00000,0x000000f01fd00000)]
  0x000002297fa0f4d0 JavaThread "Thread-31" daemon [_thread_in_native, id=24032, stack(0x000000f01fd00000,0x000000f01fe00000)]
  0x000002297fa0a8e0 JavaThread "Thread-32" daemon [_thread_in_native, id=22852, stack(0x000000f01fe00000,0x000000f01ff00000)]
  0x000002297fa0eab0 JavaThread "Thread-33" daemon [_thread_in_native, id=17456, stack(0x000000f01ff00000,0x000000f020000000)]
  0x000002297fa0b300 JavaThread "Thread-34" daemon [_thread_in_native, id=11432, stack(0x000000f020000000,0x000000f020100000)]
  0x000002297fa0bd20 JavaThread "pool-2-thread-1" [_thread_blocked, id=23516, stack(0x000000f020100000,0x000000f020200000)]
  0x000002297fa0d670 JavaThread "WorkspaceEventsHandler" [_thread_blocked, id=8076, stack(0x000000f020200000,0x000000f020300000)]
  0x000002297fa0b810 JavaThread "pool-1-thread-1" [_thread_blocked, id=18232, stack(0x000000f020300000,0x000000f020400000)]
  0x000002297fa0e090 JavaThread "ForkJoinPool.commonPool-worker-1" daemon [_thread_blocked, id=7000, stack(0x000000f020600000,0x000000f020700000)]
  0x000002297fa0efc0 JavaThread "ForkJoinPool.commonPool-worker-2" daemon [_thread_blocked, id=17224, stack(0x000000f020700000,0x000000f020800000)]
  0x000002297fa08060 JavaThread "ForkJoinPool.commonPool-worker-3" daemon [_thread_blocked, id=23768, stack(0x000000f020800000,0x000000f020900000)]
  0x000002297fa0c230 JavaThread "Worker-2" [_thread_blocked, id=13124, stack(0x000000f021300000,0x000000f021400000)]
  0x000002297fa0e5a0 JavaThread "ForkJoinPool.commonPool-worker-4" daemon [_thread_blocked, id=23676, stack(0x000000f021500000,0x000000f021600000)]
  0x000002297f699a20 JavaThread "C2 CompilerThread1" daemon [_thread_in_native, id=15236, stack(0x000000f01c200000,0x000000f01c300000)]
  0x000002297f696a50 JavaThread "C2 CompilerThread2" daemon [_thread_in_native, id=13444, stack(0x000000f020900000,0x000000f020a00000)]
  0x000002297f6974f0 JavaThread "C2 CompilerThread3" daemon [_thread_in_native, id=2456, stack(0x000000f020c00000,0x000000f020d00000)]
  0x000002297f6994d0 JavaThread "C2 CompilerThread4" daemon [_thread_in_native, id=14448, stack(0x000000f020d00000,0x000000f020e00000)]
  0x000002297f697a40 JavaThread "C2 CompilerThread5" daemon [_thread_in_native, id=11008, stack(0x000000f020e00000,0x000000f020f00000)]
  0x000002297f698a30 JavaThread "C2 CompilerThread6" daemon [_thread_in_native, id=23996, stack(0x000000f020f00000,0x000000f021000000)]
  0x000002291ce425a0 JavaThread "C2 CompilerThread7" daemon [_thread_in_native, id=19096, stack(0x000000f021000000,0x000000f021100000)]
  0x000002291ce3d0a0 JavaThread "C2 CompilerThread8" daemon [_thread_in_native, id=8584, stack(0x000000f021100000,0x000000f021200000)]
  0x000002291ce3c600 JavaThread "C2 CompilerThread9" daemon [_thread_in_native, id=9684, stack(0x000000f021600000,0x000000f021700000)]

Other Threads:
  0x000002297a570970 VMThread "VM Thread" [stack: 0x000000f01b500000,0x000000f01b600000] [id=22344]
  0x000002297e719d80 WatcherThread [stack: 0x000000f01c600000,0x000000f01c700000] [id=16868]
  0x000002296e4c3f70 GCTaskThread "GC Thread#0" [stack: 0x000000f01b400000,0x000000f01b500000] [id=21240]
  0x000002297efb25d0 GCTaskThread "GC Thread#1" [stack: 0x000000f01cb00000,0x000000f01cc00000] [id=24324]
  0x000002297eb2e310 GCTaskThread "GC Thread#2" [stack: 0x000000f01cc00000,0x000000f01cd00000] [id=24864]
  0x000002297eb2e5d0 GCTaskThread "GC Thread#3" [stack: 0x000000f01cd00000,0x000000f01ce00000] [id=24368]
  0x000002297eb2e890 GCTaskThread "GC Thread#4" [stack: 0x000000f01ce00000,0x000000f01cf00000] [id=11524]
  0x000002297ea768e0 GCTaskThread "GC Thread#5" [stack: 0x000000f01cf00000,0x000000f01d000000] [id=15516]
  0x000002297f119f50 GCTaskThread "GC Thread#6" [stack: 0x000000f01d300000,0x000000f01d400000] [id=16724]
  0x000002297ec5c6b0 GCTaskThread "GC Thread#7" [stack: 0x000000f01d400000,0x000000f01d500000] [id=25440]
  0x000002297f44d100 GCTaskThread "GC Thread#8" [stack: 0x000000f01d600000,0x000000f01d700000] [id=13944]
  0x000002297f44d5d0 GCTaskThread "GC Thread#9" [stack: 0x000000f01d700000,0x000000f01d800000] [id=14436]
  0x000002297f38a410 GCTaskThread "GC Thread#10" [stack: 0x000000f01d900000,0x000000f01da00000] [id=17152]
  0x000002297fb8eec0 GCTaskThread "GC Thread#11" [stack: 0x000000f01c800000,0x000000f01c900000] [id=22368]
  0x000002297f7b22c0 GCTaskThread "GC Thread#12" [stack: 0x000000f01c700000,0x000000f01c800000] [id=6956]
  0x000002290f53e950 GCTaskThread "GC Thread#13" [stack: 0x000000f01db00000,0x000000f01dc00000] [id=3552]
  0x000002290f8756d0 GCTaskThread "GC Thread#14" [stack: 0x000000f01dd00000,0x000000f01de00000] [id=16612]
  0x000002290f1ce010 GCTaskThread "GC Thread#15" [stack: 0x000000f01de00000,0x000000f01df00000] [id=18752]
  0x000002297fc50e50 GCTaskThread "GC Thread#16" [stack: 0x000000f01df00000,0x000000f01e000000] [id=24636]
  0x000002297fade7c0 GCTaskThread "GC Thread#17" [stack: 0x000000f020400000,0x000000f020500000] [id=23696]
  0x000002297faded40 GCTaskThread "GC Thread#18" [stack: 0x000000f020500000,0x000000f020600000] [id=24560]
  0x000002297fadf2c0 GCTaskThread "GC Thread#19" [stack: 0x000000f020a00000,0x000000f020b00000] [id=20632]
  0x000002297fadf580 GCTaskThread "GC Thread#20" [stack: 0x000000f020b00000,0x000000f020c00000] [id=15228]
  0x000002290faacdc0 GCTaskThread "GC Thread#21" [stack: 0x000000f021400000,0x000000f021500000] [id=17032]
  0x000002290faadb80 GCTaskThread "GC Thread#22" [stack: 0x000000f021200000,0x000000f021300000] [id=8432]

Threads with active compile tasks:
C2 CompilerThread0     5123 5697   !   4       org.eclipse.osgi.internal.loader.classpath.ClasspathManager::defineClass (636 bytes)
C2 CompilerThread1     5123 5322       4       org.eclipse.jdt.internal.compiler.lookup.BinaryTypeBinding::createMethod (1724 bytes)
C2 CompilerThread2     5123 6038       4       org.eclipse.jdt.internal.compiler.lookup.LookupEnvironment::getTypeFromSignature (376 bytes)
C2 CompilerThread3     5123 5896       4       org.eclipse.jdt.internal.compiler.lookup.LookupEnvironment::getTypeFromCompoundName (160 bytes)
C2 CompilerThread4     5123 5891       4       org.eclipse.jdt.internal.compiler.lookup.LookupEnvironment::getTypeFromConstantPoolName (111 bytes)
C2 CompilerThread5     5123 5784   !   4       org.eclipse.jdt.internal.compiler.classfmt.ClassFileReader::<init> (2158 bytes)
C2 CompilerThread6     5123 5897       4       org.eclipse.jdt.internal.compiler.classfmt.MethodInfo::getGenericSignature (49 bytes)
C2 CompilerThread7     5123 5873       4       org.eclipse.jdt.internal.compiler.lookup.BinaryTypeBinding::getNullDefaultFrom (74 bytes)
C2 CompilerThread8     5123 5889       4       org.eclipse.jdt.internal.compiler.lookup.LookupEnvironment::getCachedType (122 bytes)
C2 CompilerThread9     5123 5974       4       org.eclipse.jdt.internal.compiler.lookup.LookupEnvironment::getTypeFromConstantPoolName (15 bytes)

VM state: not at safepoint (normal execution)

VM Mutex/Monitor currently owned by a thread: None

Heap address: 0x00000000c0000000, size: 1024 MB, Compressed Oops mode: 32-bit

CDS archive(s) not mapped
Compressed class space mapped at: 0x0000000100000000-0x0000000140000000, reserved size: 1073741824
Narrow klass base: 0x0000000000000000, Narrow klass shift: 3, Narrow klass range: 0x140000000

GC Precious Log:
 CPUs: 32 total, 32 available
 Memory: 32396M
 Large Page Support: Disabled
 NUMA Support: Disabled
 Compressed Oops: Enabled (32-bit)
 Alignments: Space 512K, Generation 512K, Heap 2M
 Heap Min Capacity: 100M
 Heap Initial Capacity: 100M
 Heap Max Capacity: 1G
 Pre-touch: Disabled
 Parallel Workers: 23

Heap:
 PSYoungGen      total 16896K, used 994K [0x00000000eab00000, 0x00000000ec180000, 0x0000000100000000)
  eden space 15872K, 1% used [0x00000000eab00000,0x00000000eab38a08,0x00000000eba80000)
  from space 1024K, 75% used [0x00000000eba80000,0x00000000ebb40020,0x00000000ebb80000)
  to   space 2560K, 0% used [0x00000000ebf00000,0x00000000ebf00000,0x00000000ec180000)
 ParOldGen       total 68608K, used 37304K [0x00000000c0000000, 0x00000000c4300000, 0x00000000eab00000)
  object space 68608K, 54% used [0x00000000c0000000,0x00000000c246e370,0x00000000c4300000)
 Metaspace       used 49172K, committed 49984K, reserved 1114112K
  class space    used 4899K, committed 5312K, reserved 1048576K

Card table byte_map: [0x0000022972ae0000,0x0000022972cf0000] _byte_map_base: 0x00000229724e0000

Marking Bits: (ParMarkBitMap*) 0x00007ffb2f92d820
 Begin Bits: [0x0000022972e50000, 0x0000022973e50000)
 End Bits:   [0x0000022973e50000, 0x0000022974e50000)

Polling page: 0x000002296e1a0000

Metaspace:

Usage:
  Non-class:     43.23 MB used.
      Class:      4.79 MB used.
       Both:     48.02 MB used.

Virtual space:
  Non-class space:       64.00 MB reserved,      43.62 MB ( 68%) committed,  1 nodes.
      Class space:        1.00 GB reserved,       5.19 MB ( <1%) committed,  1 nodes.
             Both:        1.06 GB reserved,      48.81 MB (  4%) committed. 

Chunk freelists:
   Non-Class:  3.69 MB
       Class:  10.87 MB
        Both:  14.56 MB

MaxMetaspaceSize: unlimited
CompressedClassSpaceSize: 1.00 GB
Initial GC threshold: 21.00 MB
Current GC threshold: 58.38 MB
CDS: off
MetaspaceReclaimPolicy: balanced
 - commit_granule_bytes: 65536.
 - commit_granule_words: 8192.
 - virtual_space_node_default_size: 8388608.
 - enlarge_chunks_in_place: 1.
 - new_chunks_are_fully_committed: 0.
 - uncommit_free_chunks: 1.
 - use_allocation_guard: 0.
 - handle_deallocations: 1.


Internal statistics:

num_allocs_failed_limit: 8.
num_arena_births: 460.
num_arena_deaths: 14.
num_vsnodes_births: 2.
num_vsnodes_deaths: 0.
num_space_committed: 781.
num_space_uncommitted: 0.
num_chunks_returned_to_freelist: 22.
num_chunks_taken_from_freelist: 2170.
num_chunk_merges: 8.
num_chunk_splits: 1386.
num_chunks_enlarged: 907.
num_inconsistent_stats: 0.

CodeHeap 'non-profiled nmethods': size=118848Kb used=3343Kb max_used=3343Kb free=115504Kb
 bounds [0x0000022907bf0000, 0x0000022907f40000, 0x000002290f000000]
CodeHeap 'profiled nmethods': size=118848Kb used=11458Kb max_used=11458Kb free=107389Kb
 bounds [0x0000022900000000, 0x0000022900b40000, 0x0000022907410000]
CodeHeap 'non-nmethods': size=8064Kb used=3593Kb max_used=3686Kb free=4470Kb
 bounds [0x0000022907410000, 0x00000229077c0000, 0x0000022907bf0000]
 total_blobs=5966 nmethods=5280 adapters=596
 compilation: enabled
              stopped_count=0, restarted_count=0
 full_count=0

Compilation events (20 events):
Event: 5.013 Thread 0x000002297e66b690 nmethod 6073 0x0000022907f1d710 code [0x0000022907f1d8a0, 0x0000022907f1d978]
Event: 5.013 Thread 0x000002297a5f2bc0 nmethod 6070 0x0000022900b2ed10 code [0x0000022900b2f000, 0x0000022900b30578]
Event: 5.013 Thread 0x000002297a6ed410 nmethod 6075 0x0000022907f1da10 code [0x0000022907f1dba0, 0x0000022907f1dc78]
Event: 5.015 Thread 0x000002291ce3c600 nmethod 5821 0x0000022907f1dd10 code [0x0000022907f1de80, 0x0000022907f1df18]
Event: 5.015 Thread 0x000002291ce3c600 5950       4       org.eclipse.jdt.internal.compiler.lookup.LookupEnvironment::getPackage0 (12 bytes)
Event: 5.015 Thread 0x000002297e66b170 nmethod 6074 0x0000022900b30b10 code [0x0000022900b30ea0, 0x0000022900b327f8]
Event: 5.036 Thread 0x000002297f6974f0 nmethod 5820 0x0000022907f1e010 code [0x0000022907f1e1c0, 0x0000022907f1ef78]
Event: 5.038 Thread 0x000002297f6974f0 6015       4       java.lang.invoke.DirectMethodHandle$Holder::newInvokeSpecial (24 bytes)
Event: 5.038 Thread 0x000002291ce3c600 nmethod 5950 0x0000022907f1f590 code [0x0000022907f1f740, 0x0000022907f1fe98]
Event: 5.039 Thread 0x000002291ce3c600 5883       4       org.eclipse.jdt.internal.compiler.lookup.LookupEnvironment::convertUnresolvedBinaryToRawType (291 bytes)
Event: 5.044 Thread 0x000002297f6974f0 nmethod 6015 0x0000022907f21510 code [0x0000022907f216a0, 0x0000022907f218a8]
Event: 5.044 Thread 0x000002297f6994d0 nmethod 5988 0x0000022907f20410 code [0x0000022907f205c0, 0x0000022907f21178]
Event: 5.044 Thread 0x000002297f6974f0 5885       4       org.eclipse.jdt.internal.compiler.lookup.BinaryTypeBinding::getTypeAnnotationWalker (128 bytes)
Event: 5.046 Thread 0x000002297f6994d0 5924       4       org.eclipse.jdt.internal.compiler.lookup.ReferenceBinding::isInterface (15 bytes)
Event: 5.048 Thread 0x000002297f6994d0 nmethod 5924 0x0000022907f21a90 code [0x0000022907f21c00, 0x0000022907f21c98]
Event: 5.048 Thread 0x000002297f6994d0 5891       4       org.eclipse.jdt.internal.compiler.lookup.LookupEnvironment::getTypeFromConstantPoolName (111 bytes)
Event: 5.049 Thread 0x000002297f6974f0 nmethod 5885 0x0000022907f21d90 code [0x0000022907f21f20, 0x0000022907f22038]
Event: 5.049 Thread 0x000002297f6974f0 5896       4       org.eclipse.jdt.internal.compiler.lookup.LookupEnvironment::getTypeFromCompoundName (160 bytes)
Event: 5.050 Thread 0x000002291ce3c600 nmethod 5883 0x0000022907f22190 code [0x0000022907f22340, 0x0000022907f226a8]
Event: 5.050 Thread 0x000002291ce3c600 5974       4       org.eclipse.jdt.internal.compiler.lookup.LookupEnvironment::getTypeFromConstantPoolName (15 bytes)

GC Heap History (20 events):
Event: 3.389 GC heap before
{Heap before GC invocations=18 (full 2):
 PSYoungGen      total 24576K, used 24069K [0x00000000eab00000, 0x00000000ec580000, 0x0000000100000000)
  eden space 22016K, 100% used [0x00000000eab00000,0x00000000ec080000,0x00000000ec080000)
  from space 2560K, 80% used [0x00000000ec100000,0x00000000ec301718,0x00000000ec380000)
  to   space 2048K, 0% used [0x00000000ec380000,0x00000000ec380000,0x00000000ec580000)
 ParOldGen       total 68608K, used 21076K [0x00000000c0000000, 0x00000000c4300000, 0x00000000eab00000)
  object space 68608K, 30% used [0x00000000c0000000,0x00000000c1495000,0x00000000c4300000)
 Metaspace       used 41666K, committed 42496K, reserved 1114112K
  class space    used 4238K, committed 4608K, reserved 1048576K
}
Event: 3.391 GC heap after
{Heap after GC invocations=18 (full 2):
 PSYoungGen      total 23040K, used 672K [0x00000000eab00000, 0x00000000ec480000, 0x0000000100000000)
  eden space 22016K, 0% used [0x00000000eab00000,0x00000000eab00000,0x00000000ec080000)
  from space 1024K, 65% used [0x00000000ec380000,0x00000000ec428000,0x00000000ec480000)
  to   space 1536K, 0% used [0x00000000ec180000,0x00000000ec180000,0x00000000ec300000)
 ParOldGen       total 68608K, used 22937K [0x00000000c0000000, 0x00000000c4300000, 0x00000000eab00000)
  object space 68608K, 33% used [0x00000000c0000000,0x00000000c1666738,0x00000000c4300000)
 Metaspace       used 41666K, committed 42496K, reserved 1114112K
  class space    used 4238K, committed 4608K, reserved 1048576K
}
Event: 3.464 GC heap before
{Heap before GC invocations=19 (full 2):
 PSYoungGen      total 23040K, used 22688K [0x00000000eab00000, 0x00000000ec480000, 0x0000000100000000)
  eden space 22016K, 100% used [0x00000000eab00000,0x00000000ec080000,0x00000000ec080000)
  from space 1024K, 65% used [0x00000000ec380000,0x00000000ec428000,0x00000000ec480000)
  to   space 1536K, 0% used [0x00000000ec180000,0x00000000ec180000,0x00000000ec300000)
 ParOldGen       total 68608K, used 22937K [0x00000000c0000000, 0x00000000c4300000, 0x00000000eab00000)
  object space 68608K, 33% used [0x00000000c0000000,0x00000000c1666738,0x00000000c4300000)
 Metaspace       used 42463K, committed 43264K, reserved 1114112K
  class space    used 4296K, committed 4608K, reserved 1048576K
}
Event: 3.465 GC heap after
{Heap after GC invocations=19 (full 2):
 PSYoungGen      total 23552K, used 1514K [0x00000000eab00000, 0x00000000ec580000, 0x0000000100000000)
  eden space 22016K, 0% used [0x00000000eab00000,0x00000000eab00000,0x00000000ec080000)
  from space 1536K, 98% used [0x00000000ec180000,0x00000000ec2faab0,0x00000000ec300000)
  to   space 2560K, 0% used [0x00000000ec300000,0x00000000ec300000,0x00000000ec580000)
 ParOldGen       total 68608K, used 23441K [0x00000000c0000000, 0x00000000c4300000, 0x00000000eab00000)
  object space 68608K, 34% used [0x00000000c0000000,0x00000000c16e4560,0x00000000c4300000)
 Metaspace       used 42463K, committed 43264K, reserved 1114112K
  class space    used 4296K, committed 4608K, reserved 1048576K
}
Event: 3.624 GC heap before
{Heap before GC invocations=20 (full 2):
 PSYoungGen      total 23552K, used 23530K [0x00000000eab00000, 0x00000000ec580000, 0x0000000100000000)
  eden space 22016K, 100% used [0x00000000eab00000,0x00000000ec080000,0x00000000ec080000)
  from space 1536K, 98% used [0x00000000ec180000,0x00000000ec2faab0,0x00000000ec300000)
  to   space 2560K, 0% used [0x00000000ec300000,0x00000000ec300000,0x00000000ec580000)
 ParOldGen       total 68608K, used 23441K [0x00000000c0000000, 0x00000000c4300000, 0x00000000eab00000)
  object space 68608K, 34% used [0x00000000c0000000,0x00000000c16e4560,0x00000000c4300000)
 Metaspace       used 43269K, committed 44096K, reserved 1114112K
  class space    used 4374K, committed 4736K, reserved 1048576K
}
Event: 3.624 GC heap after
{Heap after GC invocations=20 (full 2):
 PSYoungGen      total 22528K, used 288K [0x00000000eab00000, 0x00000000ec380000, 0x0000000100000000)
  eden space 22016K, 0% used [0x00000000eab00000,0x00000000eab00000,0x00000000ec080000)
  from space 512K, 56% used [0x00000000ec300000,0x00000000ec348000,0x00000000ec380000)
  to   space 1024K, 0% used [0x00000000ec180000,0x00000000ec180000,0x00000000ec280000)
 ParOldGen       total 68608K, used 23689K [0x00000000c0000000, 0x00000000c4300000, 0x00000000eab00000)
  object space 68608K, 34% used [0x00000000c0000000,0x00000000c1722560,0x00000000c4300000)
 Metaspace       used 43269K, committed 44096K, reserved 1114112K
  class space    used 4374K, committed 4736K, reserved 1048576K
}
Event: 4.272 GC heap before
{Heap before GC invocations=21 (full 2):
 PSYoungGen      total 22528K, used 22304K [0x00000000eab00000, 0x00000000ec380000, 0x0000000100000000)
  eden space 22016K, 100% used [0x00000000eab00000,0x00000000ec080000,0x00000000ec080000)
  from space 512K, 56% used [0x00000000ec300000,0x00000000ec348000,0x00000000ec380000)
  to   space 1024K, 0% used [0x00000000ec180000,0x00000000ec180000,0x00000000ec280000)
 ParOldGen       total 68608K, used 23689K [0x00000000c0000000, 0x00000000c4300000, 0x00000000eab00000)
  object space 68608K, 34% used [0x00000000c0000000,0x00000000c1722560,0x00000000c4300000)
 Metaspace       used 45596K, committed 46336K, reserved 1114112K
  class space    used 4586K, committed 4928K, reserved 1048576K
}
Event: 4.273 GC heap after
{Heap after GC invocations=21 (full 2):
 PSYoungGen      total 23040K, used 992K [0x00000000eab00000, 0x00000000ec480000, 0x0000000100000000)
  eden space 22016K, 0% used [0x00000000eab00000,0x00000000eab00000,0x00000000ec080000)
  from space 1024K, 96% used [0x00000000ec180000,0x00000000ec278040,0x00000000ec280000)
  to   space 2048K, 0% used [0x00000000ec280000,0x00000000ec280000,0x00000000ec480000)
 ParOldGen       total 68608K, used 24192K [0x00000000c0000000, 0x00000000c4300000, 0x00000000eab00000)
  object space 68608K, 35% used [0x00000000c0000000,0x00000000c17a0390,0x00000000c4300000)
 Metaspace       used 45596K, committed 46336K, reserved 1114112K
  class space    used 4586K, committed 4928K, reserved 1048576K
}
Event: 4.294 GC heap before
{Heap before GC invocations=22 (full 2):
 PSYoungGen      total 23040K, used 23008K [0x00000000eab00000, 0x00000000ec480000, 0x0000000100000000)
  eden space 22016K, 100% used [0x00000000eab00000,0x00000000ec080000,0x00000000ec080000)
  from space 1024K, 96% used [0x00000000ec180000,0x00000000ec278040,0x00000000ec280000)
  to   space 2048K, 0% used [0x00000000ec280000,0x00000000ec280000,0x00000000ec480000)
 ParOldGen       total 68608K, used 24192K [0x00000000c0000000, 0x00000000c4300000, 0x00000000eab00000)
  object space 68608K, 35% used [0x00000000c0000000,0x00000000c17a0390,0x00000000c4300000)
 Metaspace       used 45607K, committed 46400K, reserved 1114112K
  class space    used 4587K, committed 4928K, reserved 1048576K
}
Event: 4.296 GC heap after
{Heap after GC invocations=22 (full 2):
 PSYoungGen      total 22528K, used 2048K [0x00000000eab00000, 0x00000000ec780000, 0x0000000100000000)
  eden space 20480K, 0% used [0x00000000eab00000,0x00000000eab00000,0x00000000ebf00000)
  from space 2048K, 100% used [0x00000000ec280000,0x00000000ec480000,0x00000000ec480000)
  to   space 3584K, 0% used [0x00000000ebf00000,0x00000000ebf00000,0x00000000ec280000)
 ParOldGen       total 68608K, used 25331K [0x00000000c0000000, 0x00000000c4300000, 0x00000000eab00000)
  object space 68608K, 36% used [0x00000000c0000000,0x00000000c18bcd70,0x00000000c4300000)
 Metaspace       used 45607K, committed 46400K, reserved 1114112K
  class space    used 4587K, committed 4928K, reserved 1048576K
}
Event: 4.313 GC heap before
{Heap before GC invocations=23 (full 2):
 PSYoungGen      total 22528K, used 22528K [0x00000000eab00000, 0x00000000ec780000, 0x0000000100000000)
  eden space 20480K, 100% used [0x00000000eab00000,0x00000000ebf00000,0x00000000ebf00000)
  from space 2048K, 100% used [0x00000000ec280000,0x00000000ec480000,0x00000000ec480000)
  to   space 3584K, 0% used [0x00000000ebf00000,0x00000000ebf00000,0x00000000ec280000)
 ParOldGen       total 68608K, used 25331K [0x00000000c0000000, 0x00000000c4300000, 0x00000000eab00000)
  object space 68608K, 36% used [0x00000000c0000000,0x00000000c18bcd70,0x00000000c4300000)
 Metaspace       used 45608K, committed 46400K, reserved 1114112K
  class space    used 4587K, committed 4928K, reserved 1048576K
}
Event: 4.315 GC heap after
{Heap after GC invocations=23 (full 2):
 PSYoungGen      total 23552K, used 2624K [0x00000000eab00000, 0x00000000ec500000, 0x0000000100000000)
  eden space 20480K, 0% used [0x00000000eab00000,0x00000000eab00000,0x00000000ebf00000)
  from space 3072K, 85% used [0x00000000ebf00000,0x00000000ec190010,0x00000000ec200000)
  to   space 3072K, 0% used [0x00000000ec200000,0x00000000ec200000,0x00000000ec500000)
 ParOldGen       total 68608K, used 27083K [0x00000000c0000000, 0x00000000c4300000, 0x00000000eab00000)
  object space 68608K, 39% used [0x00000000c0000000,0x00000000c1a72d70,0x00000000c4300000)
 Metaspace       used 45608K, committed 46400K, reserved 1114112K
  class space    used 4587K, committed 4928K, reserved 1048576K
}
Event: 4.337 GC heap before
{Heap before GC invocations=24 (full 2):
 PSYoungGen      total 23552K, used 23104K [0x00000000eab00000, 0x00000000ec500000, 0x0000000100000000)
  eden space 20480K, 100% used [0x00000000eab00000,0x00000000ebf00000,0x00000000ebf00000)
  from space 3072K, 85% used [0x00000000ebf00000,0x00000000ec190010,0x00000000ec200000)
  to   space 3072K, 0% used [0x00000000ec200000,0x00000000ec200000,0x00000000ec500000)
 ParOldGen       total 68608K, used 27083K [0x00000000c0000000, 0x00000000c4300000, 0x00000000eab00000)
  object space 68608K, 39% used [0x00000000c0000000,0x00000000c1a72d70,0x00000000c4300000)
 Metaspace       used 45647K, committed 46400K, reserved 1114112K
  class space    used 4594K, committed 4928K, reserved 1048576K
}
Event: 4.339 GC heap after
{Heap after GC invocations=24 (full 2):
 PSYoungGen      total 22528K, used 1792K [0x00000000eab00000, 0x00000000ec400000, 0x0000000100000000)
  eden space 20480K, 0% used [0x00000000eab00000,0x00000000eab00000,0x00000000ebf00000)
  from space 2048K, 87% used [0x00000000ec200000,0x00000000ec3c0000,0x00000000ec400000)
  to   space 2560K, 0% used [0x00000000ebf00000,0x00000000ebf00000,0x00000000ec180000)
 ParOldGen       total 68608K, used 29179K [0x00000000c0000000, 0x00000000c4300000, 0x00000000eab00000)
  object space 68608K, 42% used [0x00000000c0000000,0x00000000c1c7ed80,0x00000000c4300000)
 Metaspace       used 45647K, committed 46400K, reserved 1114112K
  class space    used 4594K, committed 4928K, reserved 1048576K
}
Event: 4.389 GC heap before
{Heap before GC invocations=25 (full 2):
 PSYoungGen      total 22528K, used 22272K [0x00000000eab00000, 0x00000000ec400000, 0x0000000100000000)
  eden space 20480K, 100% used [0x00000000eab00000,0x00000000ebf00000,0x00000000ebf00000)
  from space 2048K, 87% used [0x00000000ec200000,0x00000000ec3c0000,0x00000000ec400000)
  to   space 2560K, 0% used [0x00000000ebf00000,0x00000000ebf00000,0x00000000ec180000)
 ParOldGen       total 68608K, used 29179K [0x00000000c0000000, 0x00000000c4300000, 0x00000000eab00000)
  object space 68608K, 42% used [0x00000000c0000000,0x00000000c1c7ed80,0x00000000c4300000)
 Metaspace       used 46060K, committed 46848K, reserved 1114112K
  class space    used 4644K, committed 4992K, reserved 1048576K
}
Event: 4.390 GC heap after
{Heap after GC invocations=25 (full 2):
 PSYoungGen      total 22528K, used 1664K [0x00000000eab00000, 0x00000000ec300000, 0x0000000100000000)
  eden space 20480K, 0% used [0x00000000eab00000,0x00000000eab00000,0x00000000ebf00000)
  from space 2048K, 81% used [0x00000000ebf00000,0x00000000ec0a0000,0x00000000ec100000)
  to   space 2048K, 0% used [0x00000000ec100000,0x00000000ec100000,0x00000000ec300000)
 ParOldGen       total 68608K, used 30741K [0x00000000c0000000, 0x00000000c4300000, 0x00000000eab00000)
  object space 68608K, 44% used [0x00000000c0000000,0x00000000c1e05680,0x00000000c4300000)
 Metaspace       used 46060K, committed 46848K, reserved 1114112K
  class space    used 4644K, committed 4992K, reserved 1048576K
}
Event: 4.664 GC heap before
{Heap before GC invocations=26 (full 2):
 PSYoungGen      total 22528K, used 22144K [0x00000000eab00000, 0x00000000ec300000, 0x0000000100000000)
  eden space 20480K, 100% used [0x00000000eab00000,0x00000000ebf00000,0x00000000ebf00000)
  from space 2048K, 81% used [0x00000000ebf00000,0x00000000ec0a0000,0x00000000ec100000)
  to   space 2048K, 0% used [0x00000000ec100000,0x00000000ec100000,0x00000000ec300000)
 ParOldGen       total 68608K, used 30741K [0x00000000c0000000, 0x00000000c4300000, 0x00000000eab00000)
  object space 68608K, 44% used [0x00000000c0000000,0x00000000c1e05680,0x00000000c4300000)
 Metaspace       used 47819K, committed 48640K, reserved 1114112K
  class space    used 4803K, committed 5184K, reserved 1048576K
}
Event: 4.666 GC heap after
{Heap after GC invocations=26 (full 2):
 PSYoungGen      total 17920K, used 2039K [0x00000000eab00000, 0x00000000ecc00000, 0x0000000100000000)
  eden space 15872K, 0% used [0x00000000eab00000,0x00000000eab00000,0x00000000eba80000)
  from space 2048K, 99% used [0x00000000ec100000,0x00000000ec2fdfd8,0x00000000ec300000)
  to   space 6656K, 0% used [0x00000000eba80000,0x00000000eba80000,0x00000000ec100000)
 ParOldGen       total 68608K, used 34405K [0x00000000c0000000, 0x00000000c4300000, 0x00000000eab00000)
  object space 68608K, 50% used [0x00000000c0000000,0x00000000c2199550,0x00000000c4300000)
 Metaspace       used 47819K, committed 48640K, reserved 1114112K
  class space    used 4803K, committed 5184K, reserved 1048576K
}
Event: 4.997 GC heap before
{Heap before GC invocations=27 (full 2):
 PSYoungGen      total 17920K, used 17910K [0x00000000eab00000, 0x00000000ecc00000, 0x0000000100000000)
  eden space 15872K, 99% used [0x00000000eab00000,0x00000000eba7f868,0x00000000eba80000)
  from space 2048K, 99% used [0x00000000ec100000,0x00000000ec2fdfd8,0x00000000ec300000)
  to   space 6656K, 0% used [0x00000000eba80000,0x00000000eba80000,0x00000000ec100000)
 ParOldGen       total 68608K, used 34405K [0x00000000c0000000, 0x00000000c4300000, 0x00000000eab00000)
  object space 68608K, 50% used [0x00000000c0000000,0x00000000c2199550,0x00000000c4300000)
 Metaspace       used 49139K, committed 49984K, reserved 1114112K
  class space    used 4896K, committed 5312K, reserved 1048576K
}
Event: 5.000 GC heap after
{Heap after GC invocations=27 (full 2):
 PSYoungGen      total 16896K, used 768K [0x00000000eab00000, 0x00000000ec180000, 0x0000000100000000)
  eden space 15872K, 0% used [0x00000000eab00000,0x00000000eab00000,0x00000000eba80000)
  from space 1024K, 75% used [0x00000000eba80000,0x00000000ebb40020,0x00000000ebb80000)
  to   space 2560K, 0% used [0x00000000ebf00000,0x00000000ebf00000,0x00000000ec180000)
 ParOldGen       total 68608K, used 37304K [0x00000000c0000000, 0x00000000c4300000, 0x00000000eab00000)
  object space 68608K, 54% used [0x00000000c0000000,0x00000000c246e370,0x00000000c4300000)
 Metaspace       used 49139K, committed 49984K, reserved 1114112K
  class space    used 4896K, committed 5312K, reserved 1048576K
}

Dll operation events (10 events):
Event: 0.009 Loaded shared library c:\Users\pazsn\.vscode\extensions\redhat.java-1.31.0-win32-x64\jre\17.0.11-win32-x86_64\bin\java.dll
Event: 0.131 Loaded shared library c:\Users\pazsn\.vscode\extensions\redhat.java-1.31.0-win32-x64\jre\17.0.11-win32-x86_64\bin\zip.dll
Event: 0.133 Loaded shared library C:\Users\pazsn\.vscode\extensions\redhat.java-1.31.0-win32-x64\jre\17.0.11-win32-x86_64\bin\instrument.dll
Event: 0.144 Loaded shared library C:\Users\pazsn\.vscode\extensions\redhat.java-1.31.0-win32-x64\jre\17.0.11-win32-x86_64\bin\net.dll
Event: 0.145 Loaded shared library C:\Users\pazsn\.vscode\extensions\redhat.java-1.31.0-win32-x64\jre\17.0.11-win32-x86_64\bin\nio.dll
Event: 0.151 Loaded shared library C:\Users\pazsn\.vscode\extensions\redhat.java-1.31.0-win32-x64\jre\17.0.11-win32-x86_64\bin\zip.dll
Event: 0.161 Loaded shared library C:\Users\pazsn\.vscode\extensions\redhat.java-1.31.0-win32-x64\jre\17.0.11-win32-x86_64\bin\jimage.dll
Event: 0.204 Loaded shared library c:\Users\pazsn\.vscode\extensions\redhat.java-1.31.0-win32-x64\jre\17.0.11-win32-x86_64\bin\verify.dll
Event: 0.828 Loaded shared library C:\Users\pazsn\AppData\Roaming\Code\User\globalStorage\redhat.java\1.31.0\config_ss_win\org.eclipse.equinox.launcher\org.eclipse.equinox.launcher.win32.win32.x86_64_1.2.1000.v20240507-1834\eclipse_11902.dll
Event: 2.379 Loaded shared library C:\Users\pazsn\AppData\Local\Temp\jna-106444996\jna16506353272641516582.dll

Deoptimization events (20 events):
Event: 4.926 Thread 0x000002297e88c640 DEOPT PACKING pc=0x0000022907d08638 sp=0x000000f01d8fd1d0
Event: 4.926 Thread 0x000002297e88c640 DEOPT UNPACKING pc=0x00000229074666a3 sp=0x000000f01d8fd070 mode 2
Event: 4.958 Thread 0x000002297e88c640 DEOPT PACKING pc=0x00000229006318ad sp=0x000000f01d8fe610
Event: 4.958 Thread 0x000002297e88c640 DEOPT UNPACKING pc=0x0000022907466e43 sp=0x000000f01d8fdab8 mode 0
Event: 4.964 Thread 0x000002297e88c640 Uncommon trap: trap_request=0xffffffde fr.pc=0x0000022907f0e158 relative=0x0000000000006078
Event: 4.965 Thread 0x000002297e88c640 Uncommon trap: reason=class_check action=maybe_recompile pc=0x0000022907f0e158 method=org.eclipse.jdt.internal.compiler.lookup.LookupEnvironment.getTypeFromSignature([CIIZLorg/eclipse/jdt/internal/compiler/lookup/TypeBinding;[[[CLorg/eclipse/jdt/internal/
Event: 4.965 Thread 0x000002297e88c640 DEOPT PACKING pc=0x0000022907f0e158 sp=0x000000f01d8fe280
Event: 4.965 Thread 0x000002297e88c640 DEOPT UNPACKING pc=0x00000229074666a3 sp=0x000000f01d8fe288 mode 2
Event: 4.965 Thread 0x000002297e88c640 Uncommon trap: trap_request=0xffffffde fr.pc=0x0000022907f0e158 relative=0x0000000000006078
Event: 4.965 Thread 0x000002297e88c640 Uncommon trap: reason=class_check action=maybe_recompile pc=0x0000022907f0e158 method=org.eclipse.jdt.internal.compiler.lookup.LookupEnvironment.getTypeFromSignature([CIIZLorg/eclipse/jdt/internal/compiler/lookup/TypeBinding;[[[CLorg/eclipse/jdt/internal/
Event: 4.965 Thread 0x000002297e88c640 DEOPT PACKING pc=0x0000022907f0e158 sp=0x000000f01d8fe290
Event: 4.965 Thread 0x000002297e88c640 DEOPT UNPACKING pc=0x00000229074666a3 sp=0x000000f01d8fe298 mode 2
Event: 4.965 Thread 0x000002297e88c640 Uncommon trap: trap_request=0xffffffde fr.pc=0x0000022907f0e158 relative=0x0000000000006078
Event: 4.965 Thread 0x000002297e88c640 Uncommon trap: reason=class_check action=maybe_recompile pc=0x0000022907f0e158 method=org.eclipse.jdt.internal.compiler.lookup.LookupEnvironment.getTypeFromSignature([CIIZLorg/eclipse/jdt/internal/compiler/lookup/TypeBinding;[[[CLorg/eclipse/jdt/internal/
Event: 4.965 Thread 0x000002297e88c640 DEOPT PACKING pc=0x0000022907f0e158 sp=0x000000f01d8fe280
Event: 4.965 Thread 0x000002297e88c640 DEOPT UNPACKING pc=0x00000229074666a3 sp=0x000000f01d8fe288 mode 2
Event: 4.966 Thread 0x000002297e88c640 Uncommon trap: trap_request=0xffffffde fr.pc=0x0000022907f0e158 relative=0x0000000000006078
Event: 4.966 Thread 0x000002297e88c640 Uncommon trap: reason=class_check action=maybe_recompile pc=0x0000022907f0e158 method=org.eclipse.jdt.internal.compiler.lookup.LookupEnvironment.getTypeFromSignature([CIIZLorg/eclipse/jdt/internal/compiler/lookup/TypeBinding;[[[CLorg/eclipse/jdt/internal/
Event: 4.966 Thread 0x000002297e88c640 DEOPT PACKING pc=0x0000022907f0e158 sp=0x000000f01d8fe290
Event: 4.966 Thread 0x000002297e88c640 DEOPT UNPACKING pc=0x00000229074666a3 sp=0x000000f01d8fe298 mode 2

Classes unloaded (7 events):
Event: 1.250 Thread 0x000002297a570970 Unloading class 0x000000010021a400 'java/lang/invoke/LambdaForm$MH+0x000000010021a400'
Event: 1.250 Thread 0x000002297a570970 Unloading class 0x000000010021a000 'java/lang/invoke/LambdaForm$MH+0x000000010021a000'
Event: 1.250 Thread 0x000002297a570970 Unloading class 0x0000000100219c00 'java/lang/invoke/LambdaForm$MH+0x0000000100219c00'
Event: 1.250 Thread 0x000002297a570970 Unloading class 0x0000000100219800 'java/lang/invoke/LambdaForm$MH+0x0000000100219800'
Event: 1.250 Thread 0x000002297a570970 Unloading class 0x0000000100219400 'java/lang/invoke/LambdaForm$BMH+0x0000000100219400'
Event: 1.250 Thread 0x000002297a570970 Unloading class 0x0000000100219000 'java/lang/invoke/LambdaForm$DMH+0x0000000100219000'
Event: 1.250 Thread 0x000002297a570970 Unloading class 0x0000000100214400 'java/lang/invoke/LambdaForm$DMH+0x0000000100214400'

Classes redefined (0 events):
No events

Internal exceptions (20 events):
Event: 3.430 Thread 0x000002297fa0e090 Exception <a 'java/lang/LinkageError'{0x00000000eafac598}: loader lombok.launch.ShadowClassLoader @3eb8f53e attempted duplicate class definition for lombok.launch.PatchFixesHider$ValPortal. (lombok.launch.PatchFixesHider$ValPortal is in unnamed module of loader lombok.launch.ShadowClassLoader @3eb8f53e, parent loader org.eclipse.osgi.internal.loader.EquinoxClassLoader @7114dc04)> (0x00000000eafac598) 
thrown [s\src\hotspot\share\classfile\systemDictionary.cpp, line 1723]
Event: 3.430 Thread 0x000002297fa0b810 Exception <a 'java/lang/LinkageError'{0x00000000eafd2498}: loader lombok.launch.ShadowClassLoader @3eb8f53e attempted duplicate class definition for lombok.launch.PatchFixesHider$ValPortal. (lombok.launch.PatchFixesHider$ValPortal is in unnamed module of loader lombok.launch.ShadowClassLoader @3eb8f53e, parent loader org.eclipse.osgi.internal.loader.EquinoxClassLoader @7114dc04)> (0x00000000eafd2498) 
thrown [s\src\hotspot\share\classfile\systemDictionary.cpp, line 1723]
Event: 3.431 Thread 0x000002297fa08060 Exception <a 'java/lang/LinkageError'{0x00000000eab925c0}: loader lombok.launch.ShadowClassLoader @3eb8f53e attempted duplicate class definition for lombok.launch.PatchFixesHider$ValPortal. (lombok.launch.PatchFixesHider$ValPortal is in unnamed module of loader lombok.launch.ShadowClassLoader @3eb8f53e, parent loader org.eclipse.osgi.internal.loader.EquinoxClassLoader @7114dc04)> (0x00000000eab925c0) 
thrown [s\src\hotspot\share\classfile\systemDictionary.cpp, line 1723]
Event: 3.717 Thread 0x000002297fa0b810 Exception <a 'java/lang/LinkageError'{0x00000000eb06bb50}: loader lombok.launch.ShadowClassLoader @315d7384 attempted duplicate class definition for lombok.launch.PatchFixesHider$FieldInitializer. (lombok.launch.PatchFixesHider$FieldInitializer is in unnamed module of loader lombok.launch.ShadowClassLoader @315d7384, parent loader org.eclipse.osgi.internal.loader.EquinoxClassLoader @7dbb23ed)> (0x00000000eb06bb50) 
thrown [s\src\hotspot\share\classfile\systemDictionary.cpp, line 1723]
Event: 3.718 Thread 0x000002297fa0efc0 Exception <a 'java/lang/LinkageError'{0x00000000eb09d540}: loader lombok.launch.ShadowClassLoader @315d7384 attempted duplicate class definition for lombok.launch.PatchFixesHider$FieldInitializer. (lombok.launch.PatchFixesHider$FieldInitializer is in unnamed module of loader lombok.launch.ShadowClassLoader @315d7384, parent loader org.eclipse.osgi.internal.loader.EquinoxClassLoader @7dbb23ed)> (0x00000000eb09d540) 
thrown [s\src\hotspot\share\classfile\systemDictionary.cpp, line 1723]
Event: 3.719 Thread 0x000002297fa08060 Exception <a 'java/lang/LinkageError'{0x00000000eb146ff8}: loader lombok.launch.ShadowClassLoader @315d7384 attempted duplicate class definition for lombok.launch.PatchFixesHider$FieldInitializer. (lombok.launch.PatchFixesHider$FieldInitializer is in unnamed module of loader lombok.launch.ShadowClassLoader @315d7384, parent loader org.eclipse.osgi.internal.loader.EquinoxClassLoader @7dbb23ed)> (0x00000000eb146ff8) 
thrown [s\src\hotspot\share\classfile\systemDictionary.cpp, line 1723]
Event: 3.839 Thread 0x000002297fa0b810 Exception <a 'java/lang/ClassNotFoundException'{0x00000000eb96fcb0}: sun/util/logging/resources/spi/loggingProvider> (0x00000000eb96fcb0) 
thrown [s\src\hotspot\share\classfile\systemDictionary.cpp, line 256]
Event: 3.853 Thread 0x000002297fa08060 Exception <a 'java/lang/NoSuchMethodError'{0x00000000eb56d830}: 'int java.lang.invoke.DirectMethodHandle$Holder.invokeVirtual(java.lang.Object, java.lang.Object)'> (0x00000000eb56d830) 
thrown [s\src\hotspot\share\interpreter\linkResolver.cpp, line 759]
Event: 4.245 Thread 0x000002297fa08060 Exception <a 'java/lang/ArrayIndexOutOfBoundsException'{0x00000000ebdfa498}> (0x00000000ebdfa498) 
thrown [s\src\hotspot\share\runtime\sharedRuntime.cpp, line 631]
Event: 4.332 Thread 0x000002297fa0e5a0 Exception <a 'java/lang/NoSuchMethodError'{0x00000000ebd72620}: 'int java.lang.invoke.DirectMethodHandle$Holder.invokeInterface(java.lang.Object, java.lang.Object)'> (0x00000000ebd72620) 
thrown [s\src\hotspot\share\interpreter\linkResolver.cpp, line 759]
Event: 4.332 Thread 0x000002297fa0e5a0 Exception <a 'java/lang/IncompatibleClassChangeError'{0x00000000ebd75bb0}: Found class java.lang.Object, but interface was expected> (0x00000000ebd75bb0) 
thrown [s\src\hotspot\share\interpreter\linkResolver.cpp, line 826]
Event: 4.386 Thread 0x000002297fa0e5a0 Exception <a 'java/lang/NoSuchMethodError'{0x00000000ebec1098}: 'int java.lang.invoke.DirectMethodHandle$Holder.invokeStatic(java.lang.Object, java.lang.Object, java.lang.Object, int)'> (0x00000000ebec1098) 
thrown [s\src\hotspot\share\interpreter\linkResolver.cpp, line 759]
Event: 4.400 Thread 0x000002297fa0e5a0 Exception <a 'java/lang/NoSuchMethodError'{0x00000000eab7b5e8}: 'int java.lang.invoke.DirectMethodHandle$Holder.invokeVirtual(java.lang.Object, java.lang.Object, java.lang.Object)'> (0x00000000eab7b5e8) 
thrown [s\src\hotspot\share\interpreter\linkResolver.cpp, line 759]
Event: 4.404 Thread 0x000002297fa0e5a0 Exception <a 'java/lang/NoSuchMethodError'{0x00000000eabacbc0}: 'int java.lang.invoke.DirectMethodHandle$Holder.invokeSpecialIFC(java.lang.Object, java.lang.Object, java.lang.Object)'> (0x00000000eabacbc0) 
thrown [s\src\hotspot\share\interpreter\linkResolver.cpp, line 759]
Event: 4.431 Thread 0x000002297fa0e5a0 Exception <a 'java/io/FileNotFoundException'{0x00000000eada07f8}> (0x00000000eada07f8) 
thrown [s\src\hotspot\share\prims\jni.cpp, line 516]
Event: 4.431 Thread 0x000002297fa0e5a0 Exception <a 'java/io/FileNotFoundException'{0x00000000eada1b00}> (0x00000000eada1b00) 
thrown [s\src\hotspot\share\prims\jni.cpp, line 516]
Event: 4.876 Thread 0x000002297e88c640 Implicit null exception at 0x0000022907d041b5 to 0x0000022907d0423c
Event: 4.952 Thread 0x000002297e88c640 Exception <a 'java/io/FileNotFoundException'{0x00000000eb59ccb8}> (0x00000000eb59ccb8) 
thrown [s\src\hotspot\share\prims\jni.cpp, line 516]
Event: 4.952 Thread 0x000002297e88c640 Exception <a 'java/io/FileNotFoundException'{0x00000000eb59e1b0}> (0x00000000eb59e1b0) 
thrown [s\src\hotspot\share\prims\jni.cpp, line 516]
Event: 4.953 Thread 0x000002297e88c640 Exception <a 'java/io/FileNotFoundException'{0x00000000eb59f1c8}> (0x00000000eb59f1c8) 
thrown [s\src\hotspot\share\prims\jni.cpp, line 516]

VM Operations (20 events):
Event: 4.294 Executing VM operation: ParallelGCFailedAllocation
Event: 4.296 Executing VM operation: ParallelGCFailedAllocation done
Event: 4.313 Executing VM operation: ParallelGCFailedAllocation
Event: 4.315 Executing VM operation: ParallelGCFailedAllocation done
Event: 4.337 Executing VM operation: ParallelGCFailedAllocation
Event: 4.339 Executing VM operation: ParallelGCFailedAllocation done
Event: 4.389 Executing VM operation: ParallelGCFailedAllocation
Event: 4.390 Executing VM operation: ParallelGCFailedAllocation done
Event: 4.411 Executing VM operation: HandshakeAllThreads
Event: 4.412 Executing VM operation: HandshakeAllThreads done
Event: 4.555 Executing VM operation: ICBufferFull
Event: 4.556 Executing VM operation: ICBufferFull done
Event: 4.664 Executing VM operation: ParallelGCFailedAllocation
Event: 4.666 Executing VM operation: ParallelGCFailedAllocation done
Event: 4.896 Executing VM operation: HandshakeAllThreads
Event: 4.896 Executing VM operation: HandshakeAllThreads done
Event: 4.898 Executing VM operation: ICBufferFull
Event: 4.898 Executing VM operation: ICBufferFull done
Event: 4.997 Executing VM operation: ParallelGCFailedAllocation
Event: 5.000 Executing VM operation: ParallelGCFailedAllocation done

Events (20 events):
Event: 4.282 Thread 0x000002297f6994d0 Thread added: 0x000002297f6994d0
Event: 4.333 loading class java/util/stream/MatchOps$MatchKind
Event: 4.333 loading class java/util/stream/MatchOps$MatchKind done
Event: 4.333 loading class java/util/stream/MatchOps
Event: 4.333 loading class java/util/stream/MatchOps done
Event: 4.333 loading class java/util/stream/MatchOps$MatchOp
Event: 4.333 loading class java/util/stream/MatchOps$MatchOp done
Event: 4.333 loading class java/util/stream/MatchOps$BooleanTerminalSink
Event: 4.333 loading class java/util/stream/MatchOps$BooleanTerminalSink done
Event: 4.334 loading class java/util/stream/MatchOps$1MatchSink
Event: 4.334 loading class java/util/stream/MatchOps$1MatchSink done
Event: 4.400 loading class java/util/stream/ReduceOps$4
Event: 4.400 loading class java/util/stream/ReduceOps$4 done
Event: 4.400 loading class java/util/stream/ReduceOps$4ReducingSink
Event: 4.400 loading class java/util/stream/ReduceOps$4ReducingSink done
Event: 4.552 Thread 0x000002297f697a40 Thread added: 0x000002297f697a40
Event: 4.633 Thread 0x000002297f698a30 Thread added: 0x000002297f698a30
Event: 4.910 Thread 0x000002291ce425a0 Thread added: 0x000002291ce425a0
Event: 4.918 Thread 0x000002291ce3d0a0 Thread added: 0x000002291ce3d0a0
Event: 4.965 Thread 0x000002291ce3c600 Thread added: 0x000002291ce3c600


Dynamic libraries:
0x00007ff6aed70000 - 0x00007ff6aed7e000 	c:\Users\pazsn\.vscode\extensions\redhat.java-1.31.0-win32-x64\jre\17.0.11-win32-x86_64\bin\java.exe
0x00007ffc15a70000 - 0x00007ffc15c87000 	C:\Windows\SYSTEM32\ntdll.dll
0x00007ffc14b30000 - 0x00007ffc14bf4000 	C:\Windows\System32\KERNEL32.DLL
0x00007ffc13110000 - 0x00007ffc134bc000 	C:\Windows\System32\KERNELBASE.dll
0x00007ffc134f0000 - 0x00007ffc13601000 	C:\Windows\System32\ucrtbase.dll
0x00007ffbf0b90000 - 0x00007ffbf0ba7000 	c:\Users\pazsn\.vscode\extensions\redhat.java-1.31.0-win32-x64\jre\17.0.11-win32-x86_64\bin\jli.dll
0x00007ffbdb9d0000 - 0x00007ffbdb9eb000 	c:\Users\pazsn\.vscode\extensions\redhat.java-1.31.0-win32-x64\jre\17.0.11-win32-x86_64\bin\VCRUNTIME140.dll
0x00007ffc13be0000 - 0x00007ffc13d8e000 	C:\Windows\System32\USER32.dll
0x00007ffc134c0000 - 0x00007ffc134e6000 	C:\Windows\System32\win32u.dll
0x00007ffc0cdb0000 - 0x00007ffc0d043000 	C:\Windows\WinSxS\amd64_microsoft.windows.common-controls_6595b64144ccf1df_6.0.22621.3672_none_2713b9d173822955\COMCTL32.dll
0x00007ffc15980000 - 0x00007ffc159a9000 	C:\Windows\System32\GDI32.dll
0x00007ffc13690000 - 0x00007ffc137a9000 	C:\Windows\System32\gdi32full.dll
0x00007ffc14860000 - 0x00007ffc14907000 	C:\Windows\System32\msvcrt.dll
0x00007ffc13070000 - 0x00007ffc1310a000 	C:\Windows\System32\msvcp_win.dll
0x00007ffc14820000 - 0x00007ffc14851000 	C:\Windows\System32\IMM32.DLL
0x00007ffc04550000 - 0x00007ffc0455c000 	c:\Users\pazsn\.vscode\extensions\redhat.java-1.31.0-win32-x64\jre\17.0.11-win32-x86_64\bin\vcruntime140_1.dll
0x00007ffbbc890000 - 0x00007ffbbc91d000 	c:\Users\pazsn\.vscode\extensions\redhat.java-1.31.0-win32-x64\jre\17.0.11-win32-x86_64\bin\msvcp140.dll
0x00007ffb2ed90000 - 0x00007ffb2f9f2000 	c:\Users\pazsn\.vscode\extensions\redhat.java-1.31.0-win32-x64\jre\17.0.11-win32-x86_64\bin\server\jvm.dll
0x00007ffc15230000 - 0x00007ffc152e2000 	C:\Windows\System32\ADVAPI32.dll
0x00007ffc13f10000 - 0x00007ffc13fba000 	C:\Windows\System32\sechost.dll
0x00007ffc12e10000 - 0x00007ffc12e38000 	C:\Windows\System32\bcrypt.dll
0x00007ffc139c0000 - 0x00007ffc13ad5000 	C:\Windows\System32\RPCRT4.dll
0x00007ffc11bf0000 - 0x00007ffc11c3d000 	C:\Windows\SYSTEM32\POWRPROF.dll
0x00007ffbfb6d0000 - 0x00007ffbfb6d9000 	C:\Windows\SYSTEM32\WSOCK32.dll
0x00007ffc08730000 - 0x00007ffc08764000 	C:\Windows\SYSTEM32\WINMM.dll
0x00007ffc0e890000 - 0x00007ffc0e89a000 	C:\Windows\SYSTEM32\VERSION.dll
0x00007ffc159b0000 - 0x00007ffc15a21000 	C:\Windows\System32\WS2_32.dll
0x00007ffc11bd0000 - 0x00007ffc11be3000 	C:\Windows\SYSTEM32\UMPDC.dll
0x00007ffc11e90000 - 0x00007ffc11ea8000 	C:\Windows\SYSTEM32\kernel.appcore.dll
0x00007ffbf9020000 - 0x00007ffbf902a000 	c:\Users\pazsn\.vscode\extensions\redhat.java-1.31.0-win32-x64\jre\17.0.11-win32-x86_64\bin\jimage.dll
0x00007ffc10290000 - 0x00007ffc104c2000 	C:\Windows\SYSTEM32\DBGHELP.DLL
0x00007ffc15570000 - 0x00007ffc158f8000 	C:\Windows\System32\combase.dll
0x00007ffc13b00000 - 0x00007ffc13bd7000 	C:\Windows\System32\OLEAUT32.dll
0x00007ffc0f300000 - 0x00007ffc0f332000 	C:\Windows\SYSTEM32\dbgcore.DLL
0x00007ffc13610000 - 0x00007ffc1368b000 	C:\Windows\System32\bcryptPrimitives.dll
0x00007ffbf8d70000 - 0x00007ffbf8d7e000 	c:\Users\pazsn\.vscode\extensions\redhat.java-1.31.0-win32-x64\jre\17.0.11-win32-x86_64\bin\instrument.dll
0x00007ffbd6610000 - 0x00007ffbd6635000 	c:\Users\pazsn\.vscode\extensions\redhat.java-1.31.0-win32-x64\jre\17.0.11-win32-x86_64\bin\java.dll
0x00007ffbd2790000 - 0x00007ffbd27a8000 	c:\Users\pazsn\.vscode\extensions\redhat.java-1.31.0-win32-x64\jre\17.0.11-win32-x86_64\bin\zip.dll
0x00007ffc13fc0000 - 0x00007ffc1481c000 	C:\Windows\System32\SHELL32.dll
0x00007ffc10cb0000 - 0x00007ffc115a7000 	C:\Windows\SYSTEM32\windows.storage.dll
0x00007ffc10b70000 - 0x00007ffc10caf000 	C:\Windows\SYSTEM32\wintypes.dll
0x00007ffc14cb0000 - 0x00007ffc14da4000 	C:\Windows\System32\SHCORE.dll
0x00007ffc14910000 - 0x00007ffc1496e000 	C:\Windows\System32\shlwapi.dll
0x00007ffc12cd0000 - 0x00007ffc12cf1000 	C:\Windows\SYSTEM32\profapi.dll
0x00007ffbd2140000 - 0x00007ffbd2159000 	C:\Users\pazsn\.vscode\extensions\redhat.java-1.31.0-win32-x64\jre\17.0.11-win32-x86_64\bin\net.dll
0x00007ffc066e0000 - 0x00007ffc06816000 	C:\Windows\SYSTEM32\WINHTTP.dll
0x00007ffc122f0000 - 0x00007ffc12359000 	C:\Windows\system32\mswsock.dll
0x00007ffbd1e70000 - 0x00007ffbd1e86000 	C:\Users\pazsn\.vscode\extensions\redhat.java-1.31.0-win32-x64\jre\17.0.11-win32-x86_64\bin\nio.dll
0x00007ffbf0b80000 - 0x00007ffbf0b90000 	c:\Users\pazsn\.vscode\extensions\redhat.java-1.31.0-win32-x64\jre\17.0.11-win32-x86_64\bin\verify.dll
0x00007ffbc4ee0000 - 0x00007ffbc4f24000 	C:\Users\pazsn\AppData\Roaming\Code\User\globalStorage\redhat.java\1.31.0\config_ss_win\org.eclipse.equinox.launcher\org.eclipse.equinox.launcher.win32.win32.x86_64_1.2.1000.v20240507-1834\eclipse_11902.dll
0x00007ffc14970000 - 0x00007ffc14b15000 	C:\Windows\System32\ole32.dll
0x00007ffc12520000 - 0x00007ffc1253b000 	C:\Windows\SYSTEM32\CRYPTSP.dll
0x00007ffc11df0000 - 0x00007ffc11e25000 	C:\Windows\system32\rsaenh.dll
0x00007ffc123b0000 - 0x00007ffc123d8000 	C:\Windows\SYSTEM32\USERENV.dll
0x00007ffc12540000 - 0x00007ffc1254c000 	C:\Windows\SYSTEM32\CRYPTBASE.dll
0x00007ffc11800000 - 0x00007ffc1182d000 	C:\Windows\SYSTEM32\IPHLPAPI.DLL
0x00007ffc15560000 - 0x00007ffc15569000 	C:\Windows\System32\NSI.dll
0x00007ffc06610000 - 0x00007ffc06629000 	C:\Windows\SYSTEM32\dhcpcsvc6.DLL
0x00007ffc07cf0000 - 0x00007ffc07d0f000 	C:\Windows\SYSTEM32\dhcpcsvc.DLL
0x00007ffc11830000 - 0x00007ffc11928000 	C:\Windows\SYSTEM32\DNSAPI.dll
0x00007ffbb9520000 - 0x00007ffbb9565000 	C:\Users\pazsn\AppData\Local\Temp\jna-106444996\jna16506353272641516582.dll
0x00007ffc14b20000 - 0x00007ffc14b28000 	C:\Windows\System32\PSAPI.DLL

dbghelp: loaded successfully - version: 4.0.5 - missing functions: none
symbol engine: initialized successfully - sym options: 0x614 - pdb path: .;c:\Users\pazsn\.vscode\extensions\redhat.java-1.31.0-win32-x64\jre\17.0.11-win32-x86_64\bin;C:\Windows\SYSTEM32;C:\Windows\WinSxS\amd64_microsoft.windows.common-controls_6595b64144ccf1df_6.0.22621.3672_none_2713b9d173822955;c:\Users\pazsn\.vscode\extensions\redhat.java-1.31.0-win32-x64\jre\17.0.11-win32-x86_64\bin\server;C:\Users\pazsn\AppData\Roaming\Code\User\globalStorage\redhat.java\1.31.0\config_ss_win\org.eclipse.equinox.launcher\org.eclipse.equinox.launcher.win32.win32.x86_64_1.2.1000.v20240507-1834;C:\Users\pazsn\AppData\Local\Temp\jna-106444996

VM Arguments:
jvm_args: --add-modules=ALL-SYSTEM --add-opens=java.base/java.util=ALL-UNNAMED --add-opens=java.base/java.lang=ALL-UNNAMED --add-opens=java.base/sun.nio.fs=ALL-UNNAMED -Declipse.application=org.eclipse.jdt.ls.core.id1 -Dosgi.bundles.defaultStartLevel=4 -Declipse.product=org.eclipse.jdt.ls.core.product -Djava.import.generatesMetadataFilesAtProjectRoot=false -DDetectVMInstallationsJob.disabled=true -Dfile.encoding=utf8 -XX:+UseParallelGC -XX:GCTimeRatio=4 -XX:AdaptiveSizePolicyWeight=90 -Dsun.zip.disableMemoryMapping=true -Xmx1G -Xms100m -Xlog:disable -javaagent:c:\Users\pazsn\.vscode\extensions\redhat.java-1.31.0-win32-x64\lombok\lombok-1.18.32.jar 
java_command: c:\Users\pazsn\.vscode\extensions\redhat.java-1.31.0-win32-x64\server\plugins\org.eclipse.equinox.launcher_1.6.800.v20240513-1750.jar -configuration c:\Users\pazsn\AppData\Roaming\Code\User\globalStorage\redhat.java\1.31.0\config_ss_win -data c:\Users\pazsn\AppData\Roaming\Code\User\workspaceStorage\09d3e4277bdbc03ee512ce1e0c062f27\redhat.java\ss_ws --pipe=\\.\pipe\lsp-b02b81d9389ff16fa34ccc63eb6bbc21-sock
java_class_path (initial): c:\Users\pazsn\.vscode\extensions\redhat.java-1.31.0-win32-x64\server\plugins\org.eclipse.equinox.launcher_1.6.800.v20240513-1750.jar
Launcher Type: SUN_STANDARD

[Global flags]
    uintx AdaptiveSizePolicyWeight                 = 90                                        {product} {command line}
     intx CICompilerCount                          = 15                                        {product} {ergonomic}
    uintx GCTimeRatio                              = 4                                         {product} {command line}
   size_t InitialHeapSize                          = 104857600                                 {product} {command line}
   size_t MaxHeapSize                              = 1073741824                                {product} {command line}
   size_t MaxNewSize                               = 357564416                                 {product} {ergonomic}
   size_t MinHeapDeltaBytes                        = 524288                                    {product} {ergonomic}
   size_t MinHeapSize                              = 104857600                                 {product} {command line}
   size_t NewSize                                  = 34603008                                  {product} {ergonomic}
    uintx NonNMethodCodeHeapSize                   = 8192380                                {pd product} {ergonomic}
    uintx NonProfiledCodeHeapSize                  = 121732930                              {pd product} {ergonomic}
   size_t OldSize                                  = 70254592                                  {product} {ergonomic}
    uintx ProfiledCodeHeapSize                     = 121732930                              {pd product} {ergonomic}
    uintx ReservedCodeCacheSize                    = 251658240                              {pd product} {ergonomic}
     bool SegmentedCodeCache                       = true                                      {product} {ergonomic}
   size_t SoftMaxHeapSize                          = 1073741824                             {manageable} {ergonomic}
     bool UseCompressedClassPointers               = true                           {product lp64_product} {ergonomic}
     bool UseCompressedOops                        = true                           {product lp64_product} {ergonomic}
     bool UseLargePagesIndividualAllocation        = false                                  {pd product} {ergonomic}
     bool UseParallelGC                            = true                                      {product} {command line}

Logging:
Log output configuration:
 #0: stdout all=off uptime,level,tags
 #1: stderr all=off uptime,level,tags

Environment Variables:
JAVA_HOME=C:\Users\pazsn\AppData\Local\Programs\Eclipse Adoptium\jdk-17.0.11.9-hotspot\
PATH=C:\Program Files\Common Files\Oracle\Java\javapath;C:\Program Files (x86)\Common Files\Oracle\Java\java8path;C:\Program Files (x86)\Common Files\Oracle\Java\javapath;C:\Windows\system32;C:\Windows;C:\Windows\System32\Wbem;C:\Windows\System32\WindowsPowerShell\v1.0\;C:\Windows\System32\OpenSSH\;C:\Program Files (x86)\NVIDIA Corporation\PhysX\Common;C:\Program Files\NVIDIA Corporation\NVIDIA NvDLISR;C:\Program Files (x86)\Windows Kits\10\Windows Performance Toolkit\;C:\Program Files (x86)\Bitvise SSH Client;C:\Program Files\Git\cmd;C:\Program Files\MATLAB\R2023b\bin;C:\Users\pazsn\Desktop\sqlite3;C:\Users\pazsn\AppData\Local\Programs\Eclipse Adoptium\jdk-17.0.11.9-hotspot\bin;C:\Users\pazsn\AppData\Local\Microsoft\WindowsApps;C:\Program Files\JetBrains\PyCharm Community Edition 2023.2.1\bin;;C:\Users\pazsn\AppData\Local\GitHubDesktop\bin;C:\Users\pazsn\AppData\Local\Programs\Microsoft VS Code\bin
USERNAME=pazsn
OS=Windows_NT
PROCESSOR_IDENTIFIER=Intel64 Family 6 Model 183 Stepping 1, GenuineIntel
TMP=C:\Users\pazsn\AppData\Local\Temp
TEMP=C:\Users\pazsn\AppData\Local\Temp



Periodic native trim disabled


---------------  S Y S T E M  ---------------

OS:
 Windows 11 , 64 bit Build 22621 (10.0.22621.3672)
OS uptime: 0 days 1:25 hours
Hyper-V role detected

CPU: total 32 (initial active 32) (16 cores per cpu, 2 threads per core) family 6 model 183 stepping 1 microcode 0x10f, cx8, cmov, fxsr, ht, mmx, 3dnowpref, sse, sse2, sse3, ssse3, sse4.1, sse4.2, popcnt, lzcnt, tsc, tscinvbit, avx, avx2, aes, erms, clmul, bmi1, bmi2, adx, sha, fma, vzeroupper, clflush, clflushopt, clwb, hv
Processor Information for processor 0
  Max Mhz: 2200, Current Mhz: 2200, Mhz Limit: 2200
Processor Information for processor 1
  Max Mhz: 2200, Current Mhz: 2200, Mhz Limit: 2200
Processor Information for processor 2
  Max Mhz: 2200, Current Mhz: 2200, Mhz Limit: 2200
Processor Information for processor 3
  Max Mhz: 2200, Current Mhz: 2200, Mhz Limit: 2200
Processor Information for processor 4
  Max Mhz: 2200, Current Mhz: 2200, Mhz Limit: 2200
Processor Information for processor 5
  Max Mhz: 2200, Current Mhz: 2200, Mhz Limit: 2200
Processor Information for processor 6
  Max Mhz: 2200, Current Mhz: 2200, Mhz Limit: 2200
Processor Information for processor 7
  Max Mhz: 2200, Current Mhz: 2200, Mhz Limit: 2200
Processor Information for processor 8
  Max Mhz: 2200, Current Mhz: 2200, Mhz Limit: 2200
Processor Information for processor 9
  Max Mhz: 2200, Current Mhz: 2200, Mhz Limit: 2200
Processor Information for processor 10
  Max Mhz: 2200, Current Mhz: 2200, Mhz Limit: 2200
Processor Information for processor 11
  Max Mhz: 2200, Current Mhz: 2200, Mhz Limit: 2200
Processor Information for processor 12
  Max Mhz: 2200, Current Mhz: 2200, Mhz Limit: 2200
Processor Information for processor 13
  Max Mhz: 2200, Current Mhz: 2200, Mhz Limit: 2200
Processor Information for processor 14
  Max Mhz: 2200, Current Mhz: 2200, Mhz Limit: 2200
Processor Information for processor 15
  Max Mhz: 2200, Current Mhz: 2200, Mhz Limit: 2200
Processor Information for processor 16
  Max Mhz: 2200, Current Mhz: 1600, Mhz Limit: 1584
Processor Information for processor 17
  Max Mhz: 2200, Current Mhz: 1600, Mhz Limit: 1584
Processor Information for processor 18
  Max Mhz: 2200, Current Mhz: 1600, Mhz Limit: 1584
Processor Information for processor 19
  Max Mhz: 2200, Current Mhz: 1600, Mhz Limit: 1584
Processor Information for processor 20
  Max Mhz: 2200, Current Mhz: 1600, Mhz Limit: 1584
Processor Information for processor 21
  Max Mhz: 2200, Current Mhz: 1600, Mhz Limit: 1584
Processor Information for processor 22
  Max Mhz: 2200, Current Mhz: 1600, Mhz Limit: 1584
Processor Information for processor 23
  Max Mhz: 2200, Current Mhz: 1600, Mhz Limit: 1584
Processor Information for processor 24
  Max Mhz: 2200, Current Mhz: 1600, Mhz Limit: 1584
Processor Information for processor 25
  Max Mhz: 2200, Current Mhz: 1600, Mhz Limit: 1584
Processor Information for processor 26
  Max Mhz: 2200, Current Mhz: 1600, Mhz Limit: 1584
Processor Information for processor 27
  Max Mhz: 2200, Current Mhz: 1600, Mhz Limit: 1584
Processor Information for processor 28
  Max Mhz: 2200, Current Mhz: 1600, Mhz Limit: 1584
Processor Information for processor 29
  Max Mhz: 2200, Current Mhz: 1600, Mhz Limit: 1584
Processor Information for processor 30
  Max Mhz: 2200, Current Mhz: 1600, Mhz Limit: 1584
Processor Information for processor 31
  Max Mhz: 2200, Current Mhz: 1500, Mhz Limit: 1584

Memory: 4k page, system-wide physical 32396M (5385M free)
TotalPageFile size 130700M (AvailPageFile size 5M)
current process WorkingSet (physical memory assigned to process): 328M, peak: 328M
current process commit charge ("private bytes"): 454M, peak: 454M

vm_info: OpenJDK 64-Bit Server VM (17.0.11+9) for windows-amd64 JRE (17.0.11+9), built on Apr 17 2024 06:07:48 by "admin" with MS VC++ 16.10 / 16.11 (VS2019)

END.
