#
# There is insufficient memory for the Java Runtime Environment to continue.
# Native memory allocation (malloc) failed to allocate 201936 bytes. Error detail: Chunk::new
# Possible reasons:
#   The system is out of physical RAM or swap space
#   This process is running with CompressedOops enabled, and the Java Heap may be blocking the growth of the native heap
# Possible solutions:
#   Reduce memory load on the system
#   Increase physical memory or swap space
#   Check if swap backing store is full
#   Decrease Java heap size (-Xmx/-Xms)
#   Decrease number of Java threads
#   Decrease Java thread stack sizes (-Xss)
#   Set larger code cache with -XX:ReservedCodeCacheSize=
#   JVM is running with Unscaled Compressed Oops mode in which the Java heap is
#     placed in the first 4GB address space. The Java Heap base address is the
#     maximum limit for the native heap growth. Please use -XX:HeapBaseMinAddress
#     to set the Java Heap base and to place the Java Heap above 4GB virtual address.
# This output file may be truncated or incomplete.
#
#  Out of Memory Error (arena.cpp:191), pid=12188, tid=11016
#
# JRE version: OpenJDK Runtime Environment Temurin-17.0.11+9 (17.0.11+9) (build 17.0.11+9)
# Java VM: OpenJDK 64-Bit Server VM Temurin-17.0.11+9 (17.0.11+9, mixed mode, tiered, compressed oops, compressed class ptrs, parallel gc, windows-amd64)
# No core dump will be written. Minidumps are not enabled by default on client versions of Windows
#

---------------  S U M M A R Y ------------

Command Line: --add-modules=ALL-SYSTEM --add-opens=java.base/java.util=ALL-UNNAMED --add-opens=java.base/java.lang=ALL-UNNAMED --add-opens=java.base/sun.nio.fs=ALL-UNNAMED -Declipse.application=org.eclipse.jdt.ls.core.id1 -Dosgi.bundles.defaultStartLevel=4 -Declipse.product=org.eclipse.jdt.ls.core.product -Djava.import.generatesMetadataFilesAtProjectRoot=false -DDetectVMInstallationsJob.disabled=true -Dfile.encoding=utf8 -XX:+UseParallelGC -XX:GCTimeRatio=4 -XX:AdaptiveSizePolicyWeight=90 -Dsun.zip.disableMemoryMapping=true -Xmx1G -Xms100m -Xlog:disable -javaagent:c:\Users\pazsn\.vscode\extensions\redhat.java-1.31.0-win32-x64\lombok\lombok-1.18.32.jar -XX:+HeapDumpOnOutOfMemoryError -XX:HeapDumpPath=c:\Users\pazsn\AppData\Roaming\Code\User\workspaceStorage\09d3e4277bdbc03ee512ce1e0c062f27\redhat.java -Daether.dependencyCollector.impl=bf c:\Users\pazsn\.vscode\extensions\redhat.java-1.31.0-win32-x64\server\plugins\org.eclipse.equinox.launcher_1.6.800.v20240513-1750.jar -configuration c:\Users\pazsn\AppData\Roaming\Code\User\globalStorage\redhat.java\1.31.0\config_win -data c:\Users\pazsn\AppData\Roaming\Code\User\workspaceStorage\09d3e4277bdbc03ee512ce1e0c062f27\redhat.java\jdt_ws --pipe=\\.\pipe\lsp-2aa51eba25fef99422f547b2b5a5c53b-sock

Host: 13th Gen Intel(R) Core(TM) i9-13980HX, 32 cores, 31G,  Windows 11 , 64 bit Build 22621 (10.0.22621.3672)
Time: Thu Jun 20 15:06:25 2024 Jerusalem Daylight Time elapsed time: 6.391268 seconds (0d 0h 0m 6s)

---------------  T H R E A D  ---------------

Current thread (0x0000025b9cc51090):  JavaThread "C2 CompilerThread6" daemon [_thread_in_native, id=11016, stack(0x0000008428d00000,0x0000008428e00000)]


Current CompileTask:
C2:   6391 9018       4       org.eclipse.jdt.core.compiler.CharOperation::splitOn (159 bytes)

Stack: [0x0000008428d00000,0x0000008428e00000]
Native frames: (J=compiled Java code, j=interpreted, Vv=VM code, C=native code)
V  [jvm.dll+0x67d429]
V  [jvm.dll+0x834b7a]
V  [jvm.dll+0x83663e]
V  [jvm.dll+0x836ca3]
V  [jvm.dll+0x247dbf]
V  [jvm.dll+0xac534]
V  [jvm.dll+0xacb7c]
V  [jvm.dll+0x3665f2]
V  [jvm.dll+0x330bba]
V  [jvm.dll+0x33005a]
V  [jvm.dll+0x21a471]
V  [jvm.dll+0x2198b1]
V  [jvm.dll+0x1a534d]
V  [jvm.dll+0x2295cd]
V  [jvm.dll+0x22779c]
V  [jvm.dll+0x7e9d07]
V  [jvm.dll+0x7e410a]
V  [jvm.dll+0x67c315]
C  [ucrtbase.dll+0x29333]
C  [KERNEL32.DLL+0x1257d]
C  [ntdll.dll+0x5af28]


---------------  P R O C E S S  ---------------

Threads class SMR info:
_java_thread_list=0x0000025baa867120, length=89, elements={
0x0000025bfc8756e0, 0x0000025bff6f6010, 0x0000025bff6f7630, 0x0000025b959c6c50,
0x0000025b959c79e0, 0x0000025b959c9000, 0x0000025b959cb4d0, 0x0000025b959d0060,
0x0000025b959d52d0, 0x0000025b959ef3c0, 0x0000025b95b00450, 0x0000025b95acf2b0,
0x0000025b95ab5520, 0x0000025b999b8030, 0x0000025b99b10610, 0x0000025b99b10b30,
0x0000025b99b11050, 0x0000025b99ad6e50, 0x0000025b9a398080, 0x0000025b9a398590,
0x0000025b9a396730, 0x0000025b9a397150, 0x0000025b9a397b70, 0x0000025b9a396c40,
0x0000025b9a398aa0, 0x0000025b9a398fb0, 0x0000025b9a3999d0, 0x0000025b9a6c64e0,
0x0000025b9a396220, 0x0000025b9c40e060, 0x0000025b9c40f9b0, 0x0000025b9c40fec0,
0x0000025b9c40ea80, 0x0000025b9c408f60, 0x0000025b9c40d640, 0x0000025b9c40c200,
0x0000025b9c40adc0, 0x0000025b9c40b2d0, 0x0000025b9c409980, 0x0000025b9c40a8b0,
0x0000025b9c409470, 0x0000025b9c4103d0, 0x0000025b9c40ef90, 0x0000025b9c40b7e0,
0x0000025b9c409e90, 0x0000025b9c40f4a0, 0x0000025b9c40db50, 0x0000025b9c4108e0,
0x0000025b9c40c710, 0x0000025b9c40a3a0, 0x0000025b9c40bcf0, 0x0000025b9c40cc20,
0x0000025b9c40d130, 0x0000025b9c1bef20, 0x0000025b9c1c5970, 0x0000025b9c1bfe50,
0x0000025b9c1c21c0, 0x0000025b9c1c17a0, 0x0000025b9c1c0d80, 0x0000025b9c1c0870,
0x0000025b9c1c4a40, 0x0000025b9c1c4f50, 0x0000025b9c1c5460, 0x0000025b9c1bea10,
0x0000025b9c1c3600, 0x0000025b9c1c1290, 0x0000025b9c1c0360, 0x0000025b9cbc27b0,
0x0000025b9cb22c10, 0x0000025b9cc51090, 0x0000025b9c1799f0, 0x0000025b9c1c1cb0,
0x0000025b9eb530d0, 0x0000025b9eb54610, 0x0000025b9c1c6390, 0x0000025b9c1c5e80,
0x0000025b9c1bf430, 0x0000025b9c1bf940, 0x0000025b9c1c2be0, 0x0000025b9c1c30f0,
0x0000025b9c1c3b10, 0x0000025b9c1c4020, 0x0000025b9c1c4530, 0x0000025ba8cdd680,
0x0000025ba8cddb90, 0x0000025ba8ce2270, 0x0000025ba8ce0e30, 0x0000025ba8cdae00,
0x0000025ba8ce2780
}

Java Threads: ( => current thread )
  0x0000025bfc8756e0 JavaThread "main" [_thread_blocked, id=4500, stack(0x0000008423000000,0x0000008423100000)]
  0x0000025bff6f6010 JavaThread "Reference Handler" daemon [_thread_blocked, id=1592, stack(0x0000008423300000,0x0000008423400000)]
  0x0000025bff6f7630 JavaThread "Finalizer" daemon [_thread_blocked, id=24592, stack(0x0000008423400000,0x0000008423500000)]
  0x0000025b959c6c50 JavaThread "Signal Dispatcher" daemon [_thread_blocked, id=22452, stack(0x0000008423500000,0x0000008423600000)]
  0x0000025b959c79e0 JavaThread "Attach Listener" daemon [_thread_blocked, id=19260, stack(0x0000008423600000,0x0000008423700000)]
  0x0000025b959c9000 JavaThread "Service Thread" daemon [_thread_blocked, id=21260, stack(0x0000008423700000,0x0000008423800000)]
  0x0000025b959cb4d0 JavaThread "Monitor Deflation Thread" daemon [_thread_blocked, id=21188, stack(0x0000008423800000,0x0000008423900000)]
  0x0000025b959d0060 JavaThread "C2 CompilerThread0" daemon [_thread_in_native, id=12032, stack(0x0000008423900000,0x0000008423a00000)]
  0x0000025b959d52d0 JavaThread "C1 CompilerThread0" daemon [_thread_in_native, id=600, stack(0x0000008423a00000,0x0000008423b00000)]
  0x0000025b959ef3c0 JavaThread "Sweeper thread" daemon [_thread_blocked, id=14044, stack(0x0000008423b00000,0x0000008423c00000)]
  0x0000025b95b00450 JavaThread "Common-Cleaner" daemon [_thread_blocked, id=3780, stack(0x0000008423c00000,0x0000008423d00000)]
  0x0000025b95acf2b0 JavaThread "C1 CompilerThread1" daemon [_thread_in_native, id=4668, stack(0x0000008423d00000,0x0000008423e00000)]
  0x0000025b95ab5520 JavaThread "C2 CompilerThread1" daemon [_thread_in_native, id=17324, stack(0x0000008423e00000,0x0000008423f00000)]
  0x0000025b999b8030 JavaThread "C2 CompilerThread2" daemon [_thread_in_native, id=25008, stack(0x0000008423f00000,0x0000008424000000)]
  0x0000025b99b10610 JavaThread "C1 CompilerThread2" daemon [_thread_in_vm, id=17344, stack(0x0000008424000000,0x0000008424100000)]
  0x0000025b99b10b30 JavaThread "C1 CompilerThread3" daemon [_thread_in_native, id=22732, stack(0x0000008424100000,0x0000008424200000)]
  0x0000025b99b11050 JavaThread "C1 CompilerThread4" daemon [_thread_in_native, id=22392, stack(0x0000008424200000,0x0000008424300000)]
  0x0000025b99ad6e50 JavaThread "Notification Thread" daemon [_thread_blocked, id=8332, stack(0x0000008424300000,0x0000008424400000)]
  0x0000025b9a398080 JavaThread "Active Thread: Equinox Container: 66897f2d-1afa-4dfb-a160-a771f6203447" [_thread_blocked, id=13988, stack(0x0000008424800000,0x0000008424900000)]
  0x0000025b9a398590 JavaThread "Framework Event Dispatcher: Equinox Container: 66897f2d-1afa-4dfb-a160-a771f6203447" daemon [_thread_blocked, id=17072, stack(0x0000008424e00000,0x0000008424f00000)]
  0x0000025b9a396730 JavaThread "Start Level: Equinox Container: 66897f2d-1afa-4dfb-a160-a771f6203447" daemon [_thread_blocked, id=13708, stack(0x0000008424f00000,0x0000008425000000)]
  0x0000025b9a397150 JavaThread "Bundle File Closer" daemon [_thread_blocked, id=13960, stack(0x0000008425200000,0x0000008425300000)]
  0x0000025b9a397b70 JavaThread "SCR Component Actor" daemon [_thread_blocked, id=22896, stack(0x0000008425400000,0x0000008425500000)]
  0x0000025b9a396c40 JavaThread "SCR Component Registry" daemon [_thread_blocked, id=15248, stack(0x0000008425500000,0x0000008425600000)]
  0x0000025b9a398aa0 JavaThread "Worker-JM" [_thread_blocked, id=19824, stack(0x0000008424700000,0x0000008424800000)]
  0x0000025b9a398fb0 JavaThread "Worker-0" [_thread_blocked, id=22348, stack(0x0000008425700000,0x0000008425800000)]
  0x0000025b9a3999d0 JavaThread "Worker-1: Building" [_thread_blocked, id=5096, stack(0x0000008425800000,0x0000008425900000)]
  0x0000025b9a6c64e0 JavaThread "C2 CompilerThread3" daemon [_thread_in_native, id=18336, stack(0x0000008425c00000,0x0000008425d00000)]
  0x0000025b9a396220 JavaThread "Worker-2: Publish Diagnostics" [_thread_in_vm, id=7556, stack(0x0000008425e00000,0x0000008425f00000)]
  0x0000025b9c40e060 JavaThread "Java indexing" daemon [_thread_blocked, id=24816, stack(0x0000008425f00000,0x0000008426000000)]
  0x0000025b9c40f9b0 JavaThread "JNA Cleaner" daemon [_thread_blocked, id=4456, stack(0x0000008426300000,0x0000008426400000)]
  0x0000025b9c40fec0 JavaThread "Thread-2" daemon [_thread_in_native, id=19452, stack(0x0000008426400000,0x0000008426500000)]
  0x0000025b9c40ea80 JavaThread "Thread-3" daemon [_thread_in_native, id=23796, stack(0x0000008426500000,0x0000008426600000)]
  0x0000025b9c408f60 JavaThread "Thread-4" daemon [_thread_in_native, id=22636, stack(0x0000008426600000,0x0000008426700000)]
  0x0000025b9c40d640 JavaThread "Thread-5" daemon [_thread_in_native, id=13296, stack(0x0000008426700000,0x0000008426800000)]
  0x0000025b9c40c200 JavaThread "Thread-6" daemon [_thread_in_native, id=2776, stack(0x0000008426800000,0x0000008426900000)]
  0x0000025b9c40adc0 JavaThread "Thread-7" daemon [_thread_in_native, id=1816, stack(0x0000008426900000,0x0000008426a00000)]
  0x0000025b9c40b2d0 JavaThread "Thread-8" daemon [_thread_in_native, id=23232, stack(0x0000008426a00000,0x0000008426b00000)]
  0x0000025b9c409980 JavaThread "Thread-9" daemon [_thread_in_native, id=19016, stack(0x0000008426b00000,0x0000008426c00000)]
  0x0000025b9c40a8b0 JavaThread "Thread-10" daemon [_thread_in_native, id=19056, stack(0x0000008426c00000,0x0000008426d00000)]
  0x0000025b9c409470 JavaThread "Thread-11" daemon [_thread_in_native, id=13000, stack(0x0000008426d00000,0x0000008426e00000)]
  0x0000025b9c4103d0 JavaThread "Thread-12" daemon [_thread_in_native, id=3336, stack(0x0000008426e00000,0x0000008426f00000)]
  0x0000025b9c40ef90 JavaThread "Thread-13" daemon [_thread_in_native, id=3968, stack(0x0000008426f00000,0x0000008427000000)]
  0x0000025b9c40b7e0 JavaThread "Thread-14" daemon [_thread_in_native, id=15436, stack(0x0000008427000000,0x0000008427100000)]
  0x0000025b9c409e90 JavaThread "Thread-15" daemon [_thread_in_native, id=13716, stack(0x0000008427100000,0x0000008427200000)]
  0x0000025b9c40f4a0 JavaThread "Thread-16" daemon [_thread_in_native, id=1480, stack(0x0000008427200000,0x0000008427300000)]
  0x0000025b9c40db50 JavaThread "Thread-17" daemon [_thread_in_native, id=11144, stack(0x0000008427300000,0x0000008427400000)]
  0x0000025b9c4108e0 JavaThread "Thread-18" daemon [_thread_in_native, id=3972, stack(0x0000008427400000,0x0000008427500000)]
  0x0000025b9c40c710 JavaThread "Thread-19" daemon [_thread_in_native, id=17648, stack(0x0000008427500000,0x0000008427600000)]
  0x0000025b9c40a3a0 JavaThread "Thread-20" daemon [_thread_in_native, id=16060, stack(0x0000008427600000,0x0000008427700000)]
  0x0000025b9c40bcf0 JavaThread "Thread-21" daemon [_thread_in_native, id=15852, stack(0x0000008427700000,0x0000008427800000)]
  0x0000025b9c40cc20 JavaThread "Thread-22" daemon [_thread_in_native, id=15868, stack(0x0000008427800000,0x0000008427900000)]
  0x0000025b9c40d130 JavaThread "Thread-23" daemon [_thread_in_native, id=616, stack(0x0000008427900000,0x0000008427a00000)]
  0x0000025b9c1bef20 JavaThread "Thread-24" daemon [_thread_in_native, id=10016, stack(0x0000008427a00000,0x0000008427b00000)]
  0x0000025b9c1c5970 JavaThread "Thread-25" daemon [_thread_in_native, id=11348, stack(0x0000008427b00000,0x0000008427c00000)]
  0x0000025b9c1bfe50 JavaThread "Thread-26" daemon [_thread_in_native, id=18652, stack(0x0000008427c00000,0x0000008427d00000)]
  0x0000025b9c1c21c0 JavaThread "Thread-27" daemon [_thread_in_native, id=9736, stack(0x0000008427d00000,0x0000008427e00000)]
  0x0000025b9c1c17a0 JavaThread "Thread-28" daemon [_thread_in_native, id=20552, stack(0x0000008427e00000,0x0000008427f00000)]
  0x0000025b9c1c0d80 JavaThread "Thread-29" daemon [_thread_in_native, id=18788, stack(0x0000008427f00000,0x0000008428000000)]
  0x0000025b9c1c0870 JavaThread "Thread-30" daemon [_thread_in_native, id=25316, stack(0x0000008428000000,0x0000008428100000)]
  0x0000025b9c1c4a40 JavaThread "Thread-31" daemon [_thread_in_native, id=10328, stack(0x0000008428100000,0x0000008428200000)]
  0x0000025b9c1c4f50 JavaThread "Thread-32" daemon [_thread_in_native, id=3836, stack(0x0000008428200000,0x0000008428300000)]
  0x0000025b9c1c5460 JavaThread "Thread-33" daemon [_thread_in_native, id=9760, stack(0x0000008428300000,0x0000008428400000)]
  0x0000025b9c1bea10 JavaThread "Thread-34" daemon [_thread_in_native, id=6356, stack(0x0000008428400000,0x0000008428500000)]
  0x0000025b9c1c3600 JavaThread "pool-2-thread-1" [_thread_blocked, id=20236, stack(0x0000008428500000,0x0000008428600000)]
  0x0000025b9c1c1290 JavaThread "WorkspaceEventsHandler" [_thread_blocked, id=23116, stack(0x0000008428900000,0x0000008428a00000)]
  0x0000025b9c1c0360 JavaThread "pool-1-thread-1" [_thread_blocked, id=4904, stack(0x0000008428a00000,0x0000008428b00000)]
  0x0000025b9cbc27b0 JavaThread "C2 CompilerThread4" daemon [_thread_in_native, id=6268, stack(0x0000008428b00000,0x0000008428c00000)]
  0x0000025b9cb22c10 JavaThread "C2 CompilerThread5" daemon [_thread_in_native, id=17392, stack(0x0000008428c00000,0x0000008428d00000)]
=>0x0000025b9cc51090 JavaThread "C2 CompilerThread6" daemon [_thread_in_native, id=11016, stack(0x0000008428d00000,0x0000008428e00000)]
  0x0000025b9c1799f0 JavaThread "C2 CompilerThread7" daemon [_thread_in_native, id=14868, stack(0x0000008428e00000,0x0000008428f00000)]
  0x0000025b9c1c1cb0 JavaThread "Worker-3: Initialize workspace" [_thread_blocked, id=24304, stack(0x0000008429200000,0x0000008429300000)]
  0x0000025b9eb530d0 JavaThread "C2 CompilerThread8" daemon [_thread_in_native, id=1732, stack(0x0000008428f00000,0x0000008429000000)]
  0x0000025b9eb54610 JavaThread "C2 CompilerThread9" daemon [_thread_in_native, id=22484, stack(0x0000008429000000,0x0000008429100000)]
  0x0000025b9c1c6390 JavaThread "ForkJoinPool.commonPool-worker-1" daemon [_thread_blocked, id=9260, stack(0x0000008429300000,0x0000008429400000)]
  0x0000025b9c1c5e80 JavaThread "ForkJoinPool.commonPool-worker-2" daemon [_thread_blocked, id=7404, stack(0x0000008429400000,0x0000008429500000)]
  0x0000025b9c1bf430 JavaThread "ForkJoinPool.commonPool-worker-3" daemon [_thread_blocked, id=14916, stack(0x0000008429500000,0x0000008429600000)]
  0x0000025b9c1bf940 JavaThread "ForkJoinPool.commonPool-worker-4" daemon [_thread_blocked, id=23124, stack(0x0000008429600000,0x0000008429700000)]
  0x0000025b9c1c2be0 JavaThread "ForkJoinPool.commonPool-worker-5" daemon [_thread_blocked, id=19028, stack(0x0000008429700000,0x0000008429800000)]
  0x0000025b9c1c30f0 JavaThread "ForkJoinPool.commonPool-worker-6" daemon [_thread_blocked, id=23264, stack(0x0000008429800000,0x0000008429900000)]
  0x0000025b9c1c3b10 JavaThread "ForkJoinPool.commonPool-worker-7" daemon [_thread_blocked, id=21540, stack(0x0000008429900000,0x0000008429a00000)]
  0x0000025b9c1c4020 JavaThread "ForkJoinPool.commonPool-worker-8" daemon [_thread_in_vm, id=15764, stack(0x0000008429a00000,0x0000008429b00000)]
  0x0000025b9c1c4530 JavaThread "ForkJoinPool.commonPool-worker-9" daemon [_thread_in_vm, id=8776, stack(0x0000008429b00000,0x0000008429c00000)]
  0x0000025ba8cdd680 JavaThread "ForkJoinPool.commonPool-worker-10" daemon [_thread_blocked, id=24028, stack(0x0000008429c00000,0x0000008429d00000)]
  0x0000025ba8cddb90 JavaThread "ForkJoinPool.commonPool-worker-11" daemon [_thread_in_Java, id=9400, stack(0x0000008429d00000,0x0000008429e00000)]
  0x0000025ba8ce2270 JavaThread "ForkJoinPool.commonPool-worker-12" daemon [_thread_blocked, id=15084, stack(0x0000008429e00000,0x0000008429f00000)]
  0x0000025ba8ce0e30 JavaThread "ForkJoinPool.commonPool-worker-13" daemon [_thread_blocked, id=16352, stack(0x000000842a000000,0x000000842a100000)]
  0x0000025ba8cdae00 JavaThread "ForkJoinPool.commonPool-worker-14" daemon [_thread_blocked, id=5796, stack(0x000000842a100000,0x000000842a200000)]
  0x0000025ba8ce2780 JavaThread "Compiler Processing Task" daemon [_thread_in_Java, id=2476, stack(0x0000008429f00000,0x000000842a000000)]

Other Threads:
  0x0000025b959a0970 VMThread "VM Thread" [stack: 0x0000008423200000,0x0000008423300000] [id=24336]
  0x0000025b99bd8810 WatcherThread [stack: 0x0000008424400000,0x0000008424500000] [id=8236]
  0x0000025bfc88ab80 GCTaskThread "GC Thread#0" [stack: 0x0000008423100000,0x0000008423200000] [id=24984]
  0x0000025b9a31dc10 GCTaskThread "GC Thread#1" [stack: 0x0000008424900000,0x0000008424a00000] [id=15308]
  0x0000025b99f8f130 GCTaskThread "GC Thread#2" [stack: 0x0000008424a00000,0x0000008424b00000] [id=24428]
  0x0000025b99f8f3f0 GCTaskThread "GC Thread#3" [stack: 0x0000008424b00000,0x0000008424c00000] [id=25224]
  0x0000025b99f8f6b0 GCTaskThread "GC Thread#4" [stack: 0x0000008424c00000,0x0000008424d00000] [id=17656]
  0x0000025b9a207c70 GCTaskThread "GC Thread#5" [stack: 0x0000008424d00000,0x0000008424e00000] [id=16368]
  0x0000025b9a3f4ce0 GCTaskThread "GC Thread#6" [stack: 0x0000008425000000,0x0000008425100000] [id=10332]
  0x0000025b9abd08f0 GCTaskThread "GC Thread#7" [stack: 0x0000008425100000,0x0000008425200000] [id=24768]
  0x0000025b9ab86570 GCTaskThread "GC Thread#8" [stack: 0x0000008425300000,0x0000008425400000] [id=23560]
  0x0000025b9ac430b0 GCTaskThread "GC Thread#9" [stack: 0x0000008424500000,0x0000008424600000] [id=16844]
  0x0000025b9afae030 GCTaskThread "GC Thread#10" [stack: 0x0000008424600000,0x0000008424700000] [id=21680]
  0x0000025b9af889d0 GCTaskThread "GC Thread#11" [stack: 0x0000008425600000,0x0000008425700000] [id=14896]
  0x0000025b9b0b3590 GCTaskThread "GC Thread#12" [stack: 0x0000008425900000,0x0000008425a00000] [id=10788]
  0x0000025b9acebf80 GCTaskThread "GC Thread#13" [stack: 0x0000008425a00000,0x0000008425b00000] [id=24180]
  0x0000025b9acec7c0 GCTaskThread "GC Thread#14" [stack: 0x0000008425b00000,0x0000008425c00000] [id=23196]
  0x0000025b9acec240 GCTaskThread "GC Thread#15" [stack: 0x0000008425d00000,0x0000008425e00000] [id=24668]
  0x0000025b9aceba00 GCTaskThread "GC Thread#16" [stack: 0x0000008426000000,0x0000008426100000] [id=24972]
  0x0000025b9acec500 GCTaskThread "GC Thread#17" [stack: 0x0000008426100000,0x0000008426200000] [id=19820]
  0x0000025b9aceb740 GCTaskThread "GC Thread#18" [stack: 0x0000008426200000,0x0000008426300000] [id=8428]
  0x0000025b9acebcc0 GCTaskThread "GC Thread#19" [stack: 0x0000008428600000,0x0000008428700000] [id=9740]
  0x0000025b9acecd40 GCTaskThread "GC Thread#20" [stack: 0x0000008428700000,0x0000008428800000] [id=13700]
  0x0000025b9aceb480 GCTaskThread "GC Thread#21" [stack: 0x0000008428800000,0x0000008428900000] [id=25060]
  0x0000025b9d2ff5b0 GCTaskThread "GC Thread#22" [stack: 0x0000008429100000,0x0000008429200000] [id=12228]

Threads with active compile tasks:
C2 CompilerThread0     6404 7969 % !   4       org.eclipse.jdt.internal.compiler.classfmt.ClassFileReader::<init> @ 63 (2158 bytes)
C1 CompilerThread0     6404 9155       2       org.eclipse.jdt.internal.compiler.ast.ASTNode::resolvePolyExpressionArguments0 (467 bytes)
C1 CompilerThread1     6404 9148       2       org.lombokweb.asm.ClassReader::readCode (5117 bytes)
C2 CompilerThread1     6404 8250       4       org.eclipse.jdt.internal.compiler.lookup.LookupEnvironment::getTypeFromSignature (376 bytes)
C2 CompilerThread2     6404 8998   !   4       org.eclipse.jdt.internal.compiler.parser.Scanner::getNextToken0 (2518 bytes)
C1 CompilerThread2     6404 9159       2       org.eclipse.core.internal.jobs.JobQueue$2::hasNext (47 bytes)
C1 CompilerThread3     6404 9156       2       org.eclipse.jdt.internal.compiler.ast.ASTNode::checkInvocationArguments (882 bytes)
C1 CompilerThread4     6404 9108   !   2       org.eclipse.jdt.internal.compiler.lookup.BinaryTypeBinding::cachePartsFrom (2242 bytes)
C2 CompilerThread3     6404 8915       4       org.eclipse.jdt.internal.core.JarPackageFragmentRoot::initRawPackageInfo (342 bytes)
C2 CompilerThread4     6404 7803       4       org.eclipse.jdt.internal.core.JavaElement::getElementInfo (27 bytes)
C2 CompilerThread5     6404 7940       4       org.eclipse.jdt.internal.compiler.lookup.BinaryTypeBinding::createMethod (1724 bytes)
C2 CompilerThread6     6404 9018       4       org.eclipse.jdt.core.compiler.CharOperation::splitOn (159 bytes)
C2 CompilerThread7     6404 8723  s!   4       org.eclipse.jdt.internal.core.JavaModelManager::removeInfoAndChildren (115 bytes)
C2 CompilerThread8     6404 8517       4       org.eclipse.jdt.internal.compiler.lookup.LookupEnvironment::getCachedType (122 bytes)
C2 CompilerThread9     6404 8448       4       org.eclipse.jdt.internal.compiler.lookup.BinaryTypeBinding::getNullDefaultFrom (74 bytes)

VM state: not at safepoint (normal execution)

VM Mutex/Monitor currently owned by a thread: None

Heap address: 0x00000000c0000000, size: 1024 MB, Compressed Oops mode: 32-bit

CDS archive(s) not mapped
Compressed class space mapped at: 0x0000000100000000-0x0000000140000000, reserved size: 1073741824
Narrow klass base: 0x0000000000000000, Narrow klass shift: 3, Narrow klass range: 0x140000000

GC Precious Log:
 CPUs: 32 total, 32 available
 Memory: 32396M
 Large Page Support: Disabled
 NUMA Support: Disabled
 Compressed Oops: Enabled (32-bit)
 Alignments: Space 512K, Generation 512K, Heap 2M
 Heap Min Capacity: 100M
 Heap Initial Capacity: 100M
 Heap Max Capacity: 1G
 Pre-touch: Disabled
 Parallel Workers: 23

Heap:
 PSYoungGen      total 22016K, used 12746K [0x00000000eab00000, 0x00000000ec500000, 0x0000000100000000)
  eden space 17920K, 48% used [0x00000000eab00000,0x00000000eb376868,0x00000000ebc80000)
  from space 4096K, 99% used [0x00000000ebc80000,0x00000000ec07bfd0,0x00000000ec080000)
  to   space 3584K, 0% used [0x00000000ec080000,0x00000000ec080000,0x00000000ec400000)
 ParOldGen       total 120832K, used 91432K [0x00000000c0000000, 0x00000000c7600000, 0x00000000eab00000)
  object space 120832K, 75% used [0x00000000c0000000,0x00000000c594a158,0x00000000c7600000)
 Metaspace       used 68374K, committed 69568K, reserved 1114112K
  class space    used 7171K, committed 7744K, reserved 1048576K

Card table byte_map: [0x0000025bfc200000,0x0000025bfc410000] _byte_map_base: 0x0000025bfbc00000

Marking Bits: (ParMarkBitMap*) 0x00007ffb2f92d820
 Begin Bits: [0x0000025b8f000000, 0x0000025b90000000)
 End Bits:   [0x0000025b90000000, 0x0000025b91000000)

Polling page: 0x0000025bfa750000

Metaspace:

Usage:
  Non-class:     59.77 MB used.
      Class:      7.00 MB used.
       Both:     66.77 MB used.

Virtual space:
  Non-class space:       64.00 MB reserved,      60.38 MB ( 94%) committed,  1 nodes.
      Class space:        1.00 GB reserved,       7.56 MB ( <1%) committed,  1 nodes.
             Both:        1.06 GB reserved,      67.94 MB (  6%) committed. 

Chunk freelists:
   Non-Class:  3.27 MB
       Class:  8.42 MB
        Both:  11.69 MB

MaxMetaspaceSize: unlimited
CompressedClassSpaceSize: 1.00 GB
Initial GC threshold: 21.00 MB
Current GC threshold: 107.50 MB
CDS: off
MetaspaceReclaimPolicy: balanced
 - commit_granule_bytes: 65536.
 - commit_granule_words: 8192.
 - virtual_space_node_default_size: 8388608.
 - enlarge_chunks_in_place: 1.
 - new_chunks_are_fully_committed: 0.
 - uncommit_free_chunks: 1.
 - use_allocation_guard: 0.
 - handle_deallocations: 1.


Internal statistics:

num_allocs_failed_limit: 9.
num_arena_births: 670.
num_arena_deaths: 14.
num_vsnodes_births: 2.
num_vsnodes_deaths: 0.
num_space_committed: 1087.
num_space_uncommitted: 0.
num_chunks_returned_to_freelist: 23.
num_chunks_taken_from_freelist: 3347.
num_chunk_merges: 14.
num_chunk_splits: 2138.
num_chunks_enlarged: 1344.
num_inconsistent_stats: 0.

CodeHeap 'non-profiled nmethods': size=118848Kb used=4870Kb max_used=4870Kb free=113977Kb
 bounds [0x0000025b87bf0000, 0x0000025b880c0000, 0x0000025b8f000000]
CodeHeap 'profiled nmethods': size=118848Kb used=16933Kb max_used=16933Kb free=101914Kb
 bounds [0x0000025b80000000, 0x0000025b81090000, 0x0000025b87410000]
CodeHeap 'non-nmethods': size=8064Kb used=3613Kb max_used=3705Kb free=4450Kb
 bounds [0x0000025b87410000, 0x0000025b877d0000, 0x0000025b87bf0000]
 total_blobs=8402 nmethods=7694 adapters=618
 compilation: enabled
              stopped_count=0, restarted_count=0
 full_count=0

Compilation events (20 events):
Event: 6.380 Thread 0x0000025b99b10b30 9035       2       org.eclipse.jdt.internal.compiler.ast.TypeReference::internalResolveType (390 bytes)
Event: 6.381 Thread 0x0000025b959d52d0 nmethod 9091 0x0000025b81065e90 code [0x0000025b81066220, 0x0000025b81067878]
Event: 6.381 Thread 0x0000025b99b10610 nmethod 9072 0x0000025b8106a890 code [0x0000025b8106aac0, 0x0000025b8106b188]
Event: 6.381 Thread 0x0000025b99b11050 nmethod 9097 0x0000025b8106b790 code [0x0000025b8106b920, 0x0000025b8106ba58]
Event: 6.381 Thread 0x0000025b99b11050 9108   !   2       org.eclipse.jdt.internal.compiler.lookup.BinaryTypeBinding::cachePartsFrom (2242 bytes)
Event: 6.381 Thread 0x0000025b959d52d0 9112   !   2       org.eclipse.jdt.internal.core.NameLookup::hasCompilationUnit (92 bytes)
Event: 6.381 Thread 0x0000025b99b10610 9098       2       org.eclipse.jdt.internal.compiler.parser.Parser::getAnnotationsOnDimensions (96 bytes)
Event: 6.382 Thread 0x0000025b95acf2b0 nmethod 9073 0x0000025b8106bb10 code [0x0000025b8106bd40, 0x0000025b8106c4a8]
Event: 6.382 Thread 0x0000025b95acf2b0 9111       2       org.eclipse.jdt.internal.core.SearchableEnvironment::hasCompilationUnit (216 bytes)
Event: 6.382 Thread 0x0000025b99b10610 nmethod 9098 0x0000025b8106cb10 code [0x0000025b8106cce0, 0x0000025b8106d1a8]
Event: 6.383 Thread 0x0000025b99b10610 9113       2       org.eclipse.jdt.internal.compiler.lookup.BinaryTypeBinding::initializeTypeVariable (317 bytes)
Event: 6.383 Thread 0x0000025b959d52d0 nmethod 9112 0x0000025b8106d410 code [0x0000025b8106d600, 0x0000025b8106dab8]
Event: 6.383 Thread 0x0000025b959d52d0 9116   !   3       org.eclipse.jdt.core.Signature::getTypeParameters (313 bytes)
Event: 6.384 Thread 0x0000025b95acf2b0 nmethod 9111 0x0000025b8106f510 code [0x0000025b8106f780, 0x0000025b8106fef8]
Event: 6.384 Thread 0x0000025b99b10b30 nmethod 9035 0x0000025b8106de10 code [0x0000025b8106e1c0, 0x0000025b8106ecf8]
Event: 6.384 Thread 0x0000025b95acf2b0 9114       2       org.eclipse.jdt.internal.core.ClassFileInfo::generateAnnotationInfo (237 bytes)
Event: 6.385 Thread 0x0000025b99b10b30 9115       2       org.eclipse.jdt.internal.compiler.lookup.Scope::substitute (9 bytes)
Event: 6.385 Thread 0x0000025b99b10b30 nmethod 9115 0x0000025b81071810 code [0x0000025b810719a0, 0x0000025b81071ac8]
Event: 6.385 Thread 0x0000025b99b10b30 8997       1       org.eclipse.jdt.internal.compiler.lookup.ArrayBinding::kind (3 bytes)
Event: 6.386 Thread 0x0000025b99b10610 nmethod 9113 0x0000025b81070490 code [0x0000025b81070720, 0x0000025b810710b8]

GC Heap History (20 events):
Event: 5.659 GC heap after
{Heap after GC invocations=36 (full 4):
 PSYoungGen      total 26112K, used 4600K [0x00000000eab00000, 0x00000000ee100000, 0x0000000100000000)
  eden space 21504K, 0% used [0x00000000eab00000,0x00000000eab00000,0x00000000ec000000)
  from space 4608K, 99% used [0x00000000ec000000,0x00000000ec47e2a0,0x00000000ec480000)
  to   space 16896K, 0% used [0x00000000ed080000,0x00000000ed080000,0x00000000ee100000)
 ParOldGen       total 82432K, used 65932K [0x00000000c0000000, 0x00000000c5080000, 0x00000000eab00000)
  object space 82432K, 79% used [0x00000000c0000000,0x00000000c4063030,0x00000000c5080000)
 Metaspace       used 63441K, committed 64576K, reserved 1114112K
  class space    used 6771K, committed 7232K, reserved 1048576K
}
Event: 5.685 GC heap before
{Heap before GC invocations=37 (full 4):
 PSYoungGen      total 26112K, used 26104K [0x00000000eab00000, 0x00000000ee100000, 0x0000000100000000)
  eden space 21504K, 100% used [0x00000000eab00000,0x00000000ec000000,0x00000000ec000000)
  from space 4608K, 99% used [0x00000000ec000000,0x00000000ec47e2a0,0x00000000ec480000)
  to   space 16896K, 0% used [0x00000000ed080000,0x00000000ed080000,0x00000000ee100000)
 ParOldGen       total 82432K, used 65932K [0x00000000c0000000, 0x00000000c5080000, 0x00000000eab00000)
  object space 82432K, 79% used [0x00000000c0000000,0x00000000c4063030,0x00000000c5080000)
 Metaspace       used 63601K, committed 64704K, reserved 1114112K
  class space    used 6793K, committed 7232K, reserved 1048576K
}
Event: 5.691 GC heap after
{Heap after GC invocations=37 (full 4):
 PSYoungGen      total 38400K, used 15968K [0x00000000eab00000, 0x00000000ee100000, 0x0000000100000000)
  eden space 21504K, 0% used [0x00000000eab00000,0x00000000eab00000,0x00000000ec000000)
  from space 16896K, 94% used [0x00000000ed080000,0x00000000ee018000,0x00000000ee100000)
  to   space 16896K, 0% used [0x00000000ec000000,0x00000000ec000000,0x00000000ed080000)
 ParOldGen       total 82432K, used 70617K [0x00000000c0000000, 0x00000000c5080000, 0x00000000eab00000)
  object space 82432K, 85% used [0x00000000c0000000,0x00000000c44f66c0,0x00000000c5080000)
 Metaspace       used 63601K, committed 64704K, reserved 1114112K
  class space    used 6793K, committed 7232K, reserved 1048576K
}
Event: 5.838 GC heap before
{Heap before GC invocations=38 (full 4):
 PSYoungGen      total 38400K, used 37466K [0x00000000eab00000, 0x00000000ee100000, 0x0000000100000000)
  eden space 21504K, 99% used [0x00000000eab00000,0x00000000ebffe9e0,0x00000000ec000000)
  from space 16896K, 94% used [0x00000000ed080000,0x00000000ee018000,0x00000000ee100000)
  to   space 16896K, 0% used [0x00000000ec000000,0x00000000ec000000,0x00000000ed080000)
 ParOldGen       total 82432K, used 70617K [0x00000000c0000000, 0x00000000c5080000, 0x00000000eab00000)
  object space 82432K, 85% used [0x00000000c0000000,0x00000000c44f66c0,0x00000000c5080000)
 Metaspace       used 64948K, committed 66048K, reserved 1114112K
  class space    used 6914K, committed 7360K, reserved 1048576K
}
Event: 5.844 GC heap after
{Heap after GC invocations=38 (full 4):
 PSYoungGen      total 28160K, used 6517K [0x00000000eab00000, 0x00000000ed400000, 0x0000000100000000)
  eden space 21504K, 0% used [0x00000000eab00000,0x00000000eab00000,0x00000000ec000000)
  from space 6656K, 97% used [0x00000000ec000000,0x00000000ec65d678,0x00000000ec680000)
  to   space 10240K, 0% used [0x00000000eca00000,0x00000000eca00000,0x00000000ed400000)
 ParOldGen       total 86528K, used 86396K [0x00000000c0000000, 0x00000000c5480000, 0x00000000eab00000)
  object space 86528K, 99% used [0x00000000c0000000,0x00000000c545f2f0,0x00000000c5480000)
 Metaspace       used 64948K, committed 66048K, reserved 1114112K
  class space    used 6914K, committed 7360K, reserved 1048576K
}
Event: 5.844 GC heap before
{Heap before GC invocations=39 (full 5):
 PSYoungGen      total 28160K, used 6517K [0x00000000eab00000, 0x00000000ed400000, 0x0000000100000000)
  eden space 21504K, 0% used [0x00000000eab00000,0x00000000eab00000,0x00000000ec000000)
  from space 6656K, 97% used [0x00000000ec000000,0x00000000ec65d678,0x00000000ec680000)
  to   space 10240K, 0% used [0x00000000eca00000,0x00000000eca00000,0x00000000ed400000)
 ParOldGen       total 86528K, used 86396K [0x00000000c0000000, 0x00000000c5480000, 0x00000000eab00000)
  object space 86528K, 99% used [0x00000000c0000000,0x00000000c545f2f0,0x00000000c5480000)
 Metaspace       used 64948K, committed 66048K, reserved 1114112K
  class space    used 6914K, committed 7360K, reserved 1048576K
}
Event: 5.881 GC heap after
{Heap after GC invocations=39 (full 5):
 PSYoungGen      total 31744K, used 0K [0x00000000eab00000, 0x00000000ed400000, 0x0000000100000000)
  eden space 21504K, 0% used [0x00000000eab00000,0x00000000eab00000,0x00000000ec000000)
  from space 10240K, 0% used [0x00000000eca00000,0x00000000eca00000,0x00000000ed400000)
  to   space 10240K, 0% used [0x00000000ec000000,0x00000000ec000000,0x00000000eca00000)
 ParOldGen       total 120832K, used 78470K [0x00000000c0000000, 0x00000000c7600000, 0x00000000eab00000)
  object space 120832K, 64% used [0x00000000c0000000,0x00000000c4ca1ba8,0x00000000c7600000)
 Metaspace       used 64948K, committed 66048K, reserved 1114112K
  class space    used 6914K, committed 7360K, reserved 1048576K
}
Event: 6.031 GC heap before
{Heap before GC invocations=40 (full 5):
 PSYoungGen      total 31744K, used 21504K [0x00000000eab00000, 0x00000000ed400000, 0x0000000100000000)
  eden space 21504K, 100% used [0x00000000eab00000,0x00000000ec000000,0x00000000ec000000)
  from space 10240K, 0% used [0x00000000eca00000,0x00000000eca00000,0x00000000ed400000)
  to   space 10240K, 0% used [0x00000000ec000000,0x00000000ec000000,0x00000000eca00000)
 ParOldGen       total 120832K, used 78470K [0x00000000c0000000, 0x00000000c7600000, 0x00000000eab00000)
  object space 120832K, 64% used [0x00000000c0000000,0x00000000c4ca1ba8,0x00000000c7600000)
 Metaspace       used 65951K, committed 67072K, reserved 1114112K
  class space    used 7014K, committed 7488K, reserved 1048576K
}
Event: 6.034 GC heap after
{Heap after GC invocations=40 (full 5):
 PSYoungGen      total 27136K, used 5228K [0x00000000eab00000, 0x00000000ecd00000, 0x0000000100000000)
  eden space 21504K, 0% used [0x00000000eab00000,0x00000000eab00000,0x00000000ec000000)
  from space 5632K, 92% used [0x00000000ec000000,0x00000000ec51b088,0x00000000ec580000)
  to   space 6656K, 0% used [0x00000000ec680000,0x00000000ec680000,0x00000000ecd00000)
 ParOldGen       total 120832K, used 78478K [0x00000000c0000000, 0x00000000c7600000, 0x00000000eab00000)
  object space 120832K, 64% used [0x00000000c0000000,0x00000000c4ca3ba8,0x00000000c7600000)
 Metaspace       used 65951K, committed 67072K, reserved 1114112K
  class space    used 7014K, committed 7488K, reserved 1048576K
}
Event: 6.169 GC heap before
{Heap before GC invocations=41 (full 5):
 PSYoungGen      total 27136K, used 26732K [0x00000000eab00000, 0x00000000ecd00000, 0x0000000100000000)
  eden space 21504K, 100% used [0x00000000eab00000,0x00000000ec000000,0x00000000ec000000)
  from space 5632K, 92% used [0x00000000ec000000,0x00000000ec51b088,0x00000000ec580000)
  to   space 6656K, 0% used [0x00000000ec680000,0x00000000ec680000,0x00000000ecd00000)
 ParOldGen       total 120832K, used 78478K [0x00000000c0000000, 0x00000000c7600000, 0x00000000eab00000)
  object space 120832K, 64% used [0x00000000c0000000,0x00000000c4ca3ba8,0x00000000c7600000)
 Metaspace       used 66671K, committed 67840K, reserved 1114112K
  class space    used 7064K, committed 7616K, reserved 1048576K
}
Event: 6.172 GC heap after
{Heap after GC invocations=41 (full 5):
 PSYoungGen      total 25088K, used 6646K [0x00000000eab00000, 0x00000000ed300000, 0x0000000100000000)
  eden space 18432K, 0% used [0x00000000eab00000,0x00000000eab00000,0x00000000ebd00000)
  from space 6656K, 99% used [0x00000000ec680000,0x00000000eccfda98,0x00000000ecd00000)
  to   space 9728K, 0% used [0x00000000ebd00000,0x00000000ebd00000,0x00000000ec680000)
 ParOldGen       total 120832K, used 80571K [0x00000000c0000000, 0x00000000c7600000, 0x00000000eab00000)
  object space 120832K, 66% used [0x00000000c0000000,0x00000000c4eaecd8,0x00000000c7600000)
 Metaspace       used 66671K, committed 67840K, reserved 1114112K
  class space    used 7064K, committed 7616K, reserved 1048576K
}
Event: 6.236 GC heap before
{Heap before GC invocations=42 (full 5):
 PSYoungGen      total 25088K, used 25078K [0x00000000eab00000, 0x00000000ed300000, 0x0000000100000000)
  eden space 18432K, 100% used [0x00000000eab00000,0x00000000ebd00000,0x00000000ebd00000)
  from space 6656K, 99% used [0x00000000ec680000,0x00000000eccfda98,0x00000000ecd00000)
  to   space 9728K, 0% used [0x00000000ebd00000,0x00000000ebd00000,0x00000000ec680000)
 ParOldGen       total 120832K, used 80571K [0x00000000c0000000, 0x00000000c7600000, 0x00000000eab00000)
  object space 120832K, 66% used [0x00000000c0000000,0x00000000c4eaecd8,0x00000000c7600000)
 Metaspace       used 67038K, committed 68224K, reserved 1114112K
  class space    used 7081K, committed 7616K, reserved 1048576K
}
Event: 6.239 GC heap after
{Heap after GC invocations=42 (full 5):
 PSYoungGen      total 20480K, used 2002K [0x00000000eab00000, 0x00000000ec700000, 0x0000000100000000)
  eden space 18432K, 0% used [0x00000000eab00000,0x00000000eab00000,0x00000000ebd00000)
  from space 2048K, 97% used [0x00000000ebd00000,0x00000000ebef4b00,0x00000000ebf00000)
  to   space 4608K, 0% used [0x00000000ec280000,0x00000000ec280000,0x00000000ec700000)
 ParOldGen       total 120832K, used 87142K [0x00000000c0000000, 0x00000000c7600000, 0x00000000eab00000)
  object space 120832K, 72% used [0x00000000c0000000,0x00000000c5519ad8,0x00000000c7600000)
 Metaspace       used 67038K, committed 68224K, reserved 1114112K
  class space    used 7081K, committed 7616K, reserved 1048576K
}
Event: 6.300 GC heap before
{Heap before GC invocations=43 (full 5):
 PSYoungGen      total 20480K, used 20127K [0x00000000eab00000, 0x00000000ec700000, 0x0000000100000000)
  eden space 18432K, 98% used [0x00000000eab00000,0x00000000ebcb3300,0x00000000ebd00000)
  from space 2048K, 97% used [0x00000000ebd00000,0x00000000ebef4b00,0x00000000ebf00000)
  to   space 4608K, 0% used [0x00000000ec280000,0x00000000ec280000,0x00000000ec700000)
 ParOldGen       total 120832K, used 87142K [0x00000000c0000000, 0x00000000c7600000, 0x00000000eab00000)
  object space 120832K, 72% used [0x00000000c0000000,0x00000000c5519ad8,0x00000000c7600000)
 Metaspace       used 67393K, committed 68544K, reserved 1114112K
  class space    used 7120K, committed 7616K, reserved 1048576K
}
Event: 6.301 GC heap after
{Heap after GC invocations=43 (full 5):
 PSYoungGen      total 23040K, used 4604K [0x00000000eab00000, 0x00000000ec800000, 0x0000000100000000)
  eden space 18432K, 0% used [0x00000000eab00000,0x00000000eab00000,0x00000000ebd00000)
  from space 4608K, 99% used [0x00000000ec280000,0x00000000ec6ff328,0x00000000ec700000)
  to   space 5632K, 0% used [0x00000000ebd00000,0x00000000ebd00000,0x00000000ec280000)
 ParOldGen       total 120832K, used 87490K [0x00000000c0000000, 0x00000000c7600000, 0x00000000eab00000)
  object space 120832K, 72% used [0x00000000c0000000,0x00000000c5570b58,0x00000000c7600000)
 Metaspace       used 67393K, committed 68544K, reserved 1114112K
  class space    used 7120K, committed 7616K, reserved 1048576K
}
Event: 6.336 GC heap before
{Heap before GC invocations=44 (full 5):
 PSYoungGen      total 23040K, used 23036K [0x00000000eab00000, 0x00000000ec800000, 0x0000000100000000)
  eden space 18432K, 100% used [0x00000000eab00000,0x00000000ebd00000,0x00000000ebd00000)
  from space 4608K, 99% used [0x00000000ec280000,0x00000000ec6ff328,0x00000000ec700000)
  to   space 5632K, 0% used [0x00000000ebd00000,0x00000000ebd00000,0x00000000ec280000)
 ParOldGen       total 120832K, used 87490K [0x00000000c0000000, 0x00000000c7600000, 0x00000000eab00000)
  object space 120832K, 72% used [0x00000000c0000000,0x00000000c5570b58,0x00000000c7600000)
 Metaspace       used 67764K, committed 68992K, reserved 1114112K
  class space    used 7143K, committed 7680K, reserved 1048576K
}
Event: 6.338 GC heap after
{Heap after GC invocations=44 (full 5):
 PSYoungGen      total 20480K, used 1991K [0x00000000eab00000, 0x00000000ec400000, 0x0000000100000000)
  eden space 18432K, 0% used [0x00000000eab00000,0x00000000eab00000,0x00000000ebd00000)
  from space 2048K, 97% used [0x00000000ebd00000,0x00000000ebef1ed8,0x00000000ebf00000)
  to   space 3584K, 0% used [0x00000000ec080000,0x00000000ec080000,0x00000000ec400000)
 ParOldGen       total 120832K, used 89979K [0x00000000c0000000, 0x00000000c7600000, 0x00000000eab00000)
  object space 120832K, 74% used [0x00000000c0000000,0x00000000c57ded98,0x00000000c7600000)
 Metaspace       used 67764K, committed 68992K, reserved 1114112K
  class space    used 7143K, committed 7680K, reserved 1048576K
}
Event: 6.363 GC heap before
{Heap before GC invocations=45 (full 5):
 PSYoungGen      total 20480K, used 20423K [0x00000000eab00000, 0x00000000ec400000, 0x0000000100000000)
  eden space 18432K, 100% used [0x00000000eab00000,0x00000000ebd00000,0x00000000ebd00000)
  from space 2048K, 97% used [0x00000000ebd00000,0x00000000ebef1ed8,0x00000000ebf00000)
  to   space 3584K, 0% used [0x00000000ec080000,0x00000000ec080000,0x00000000ec400000)
 ParOldGen       total 120832K, used 89979K [0x00000000c0000000, 0x00000000c7600000, 0x00000000eab00000)
  object space 120832K, 74% used [0x00000000c0000000,0x00000000c57ded98,0x00000000c7600000)
 Metaspace       used 67965K, committed 69184K, reserved 1114112K
  class space    used 7152K, committed 7680K, reserved 1048576K
}
Event: 6.365 GC heap after
{Heap after GC invocations=45 (full 5):
 PSYoungGen      total 21504K, used 3580K [0x00000000eab00000, 0x00000000ec500000, 0x0000000100000000)
  eden space 17920K, 0% used [0x00000000eab00000,0x00000000eab00000,0x00000000ebc80000)
  from space 3584K, 99% used [0x00000000ec080000,0x00000000ec3ff3a0,0x00000000ec400000)
  to   space 4096K, 0% used [0x00000000ebc80000,0x00000000ebc80000,0x00000000ec080000)
 ParOldGen       total 120832K, used 89979K [0x00000000c0000000, 0x00000000c7600000, 0x00000000eab00000)
  object space 120832K, 74% used [0x00000000c0000000,0x00000000c57ded98,0x00000000c7600000)
 Metaspace       used 67965K, committed 69184K, reserved 1114112K
  class space    used 7152K, committed 7680K, reserved 1048576K
}
Event: 6.387 GC heap before
{Heap before GC invocations=46 (full 5):
 PSYoungGen      total 21504K, used 21500K [0x00000000eab00000, 0x00000000ec500000, 0x0000000100000000)
  eden space 17920K, 100% used [0x00000000eab00000,0x00000000ebc80000,0x00000000ebc80000)
  from space 3584K, 99% used [0x00000000ec080000,0x00000000ec3ff3a0,0x00000000ec400000)
  to   space 4096K, 0% used [0x00000000ebc80000,0x00000000ebc80000,0x00000000ec080000)
 ParOldGen       total 120832K, used 89979K [0x00000000c0000000, 0x00000000c7600000, 0x00000000eab00000)
  object space 120832K, 74% used [0x00000000c0000000,0x00000000c57ded98,0x00000000c7600000)
 Metaspace       used 68224K, committed 69440K, reserved 1114112K
  class space    used 7167K, committed 7744K, reserved 1048576K
}

Dll operation events (11 events):
Event: 0.011 Loaded shared library c:\Users\pazsn\.vscode\extensions\redhat.java-1.31.0-win32-x64\jre\17.0.11-win32-x86_64\bin\java.dll
Event: 0.143 Loaded shared library c:\Users\pazsn\.vscode\extensions\redhat.java-1.31.0-win32-x64\jre\17.0.11-win32-x86_64\bin\zip.dll
Event: 0.146 Loaded shared library C:\Users\pazsn\.vscode\extensions\redhat.java-1.31.0-win32-x64\jre\17.0.11-win32-x86_64\bin\instrument.dll
Event: 0.155 Loaded shared library C:\Users\pazsn\.vscode\extensions\redhat.java-1.31.0-win32-x64\jre\17.0.11-win32-x86_64\bin\net.dll
Event: 0.156 Loaded shared library C:\Users\pazsn\.vscode\extensions\redhat.java-1.31.0-win32-x64\jre\17.0.11-win32-x86_64\bin\nio.dll
Event: 0.160 Loaded shared library C:\Users\pazsn\.vscode\extensions\redhat.java-1.31.0-win32-x64\jre\17.0.11-win32-x86_64\bin\zip.dll
Event: 0.172 Loaded shared library C:\Users\pazsn\.vscode\extensions\redhat.java-1.31.0-win32-x64\jre\17.0.11-win32-x86_64\bin\jimage.dll
Event: 0.210 Loaded shared library c:\Users\pazsn\.vscode\extensions\redhat.java-1.31.0-win32-x64\jre\17.0.11-win32-x86_64\bin\verify.dll
Event: 0.867 Loaded shared library C:\Users\pazsn\AppData\Roaming\Code\User\globalStorage\redhat.java\1.31.0\config_win\org.eclipse.equinox.launcher\org.eclipse.equinox.launcher.win32.win32.x86_64_1.2.1000.v20240507-1834\eclipse_11902.dll
Event: 2.391 Loaded shared library C:\Users\pazsn\AppData\Local\Temp\jna-106444996\jna18261708573350862699.dll
Event: 5.457 Loaded shared library C:\Users\pazsn\.vscode\extensions\redhat.java-1.31.0-win32-x64\jre\17.0.11-win32-x86_64\bin\sunmscapi.dll

Deoptimization events (20 events):
Event: 6.380 Thread 0x0000025b9a396220 Uncommon trap: trap_request=0xffffffde fr.pc=0x0000025b88006028 relative=0x00000000000024a8
Event: 6.380 Thread 0x0000025b9a396220 Uncommon trap: reason=class_check action=maybe_recompile pc=0x0000025b88006028 method=org.eclipse.jdt.internal.core.JavaModelCache.peekAtInfo(Lorg/eclipse/jdt/core/IJavaElement;)Lorg/eclipse/jdt/internal/compiler/env/IElementInfo; @ 138 c2
Event: 6.381 Thread 0x0000025b9a396220 DEOPT PACKING pc=0x0000025b88006028 sp=0x0000008425efdc50
Event: 6.381 Thread 0x0000025b9a396220 DEOPT UNPACKING pc=0x0000025b874666a3 sp=0x0000008425efdc28 mode 2
Event: 6.383 Thread 0x0000025b9c1c4530 Uncommon trap: trap_request=0xffffffde fr.pc=0x0000025b87db2918 relative=0x0000000000001178
Event: 6.383 Thread 0x0000025b9a396220 DEOPT PACKING pc=0x0000025b80a56428 sp=0x0000008425efd660
Event: 6.383 Thread 0x0000025b9a396220 DEOPT UNPACKING pc=0x0000025b87466e43 sp=0x0000008425efcb18 mode 0
Event: 6.383 Thread 0x0000025b9c1c4530 Uncommon trap: reason=class_check action=maybe_recompile pc=0x0000025b87db2918 method=org.eclipse.jdt.internal.core.JavaModelCache.getInfo(Lorg/eclipse/jdt/core/IJavaElement;)Lorg/eclipse/jdt/internal/compiler/env/IElementInfo; @ 118 c2
Event: 6.383 Thread 0x0000025b9c1c4530 DEOPT PACKING pc=0x0000025b87db2918 sp=0x0000008429bfd020
Event: 6.383 Thread 0x0000025b9c1c4530 DEOPT UNPACKING pc=0x0000025b874666a3 sp=0x0000008429bfcf70 mode 2
Event: 6.384 Thread 0x0000025b9c1c4530 Uncommon trap: trap_request=0xffffffde fr.pc=0x0000025b87db2918 relative=0x0000000000001178
Event: 6.384 Thread 0x0000025b9c1c4530 Uncommon trap: reason=class_check action=maybe_recompile pc=0x0000025b87db2918 method=org.eclipse.jdt.internal.core.JavaModelCache.getInfo(Lorg/eclipse/jdt/core/IJavaElement;)Lorg/eclipse/jdt/internal/compiler/env/IElementInfo; @ 118 c2
Event: 6.384 Thread 0x0000025ba8cddb90 DEOPT PACKING pc=0x0000025b802f231f sp=0x0000008429dfd790
Event: 6.384 Thread 0x0000025ba8cddb90 DEOPT UNPACKING pc=0x0000025b87466e43 sp=0x0000008429dfcd20 mode 0
Event: 6.384 Thread 0x0000025b9c1c4530 DEOPT PACKING pc=0x0000025b87db2918 sp=0x0000008429bfd020
Event: 6.384 Thread 0x0000025b9c1c4530 DEOPT UNPACKING pc=0x0000025b874666a3 sp=0x0000008429bfcf70 mode 2
Event: 6.385 Thread 0x0000025b9c1c4530 Uncommon trap: trap_request=0xffffffde fr.pc=0x0000025b87db2918 relative=0x0000000000001178
Event: 6.385 Thread 0x0000025b9c1c4530 Uncommon trap: reason=class_check action=maybe_recompile pc=0x0000025b87db2918 method=org.eclipse.jdt.internal.core.JavaModelCache.getInfo(Lorg/eclipse/jdt/core/IJavaElement;)Lorg/eclipse/jdt/internal/compiler/env/IElementInfo; @ 118 c2
Event: 6.385 Thread 0x0000025b9c1c4530 DEOPT PACKING pc=0x0000025b87db2918 sp=0x0000008429bfd140
Event: 6.385 Thread 0x0000025b9c1c4530 DEOPT UNPACKING pc=0x0000025b874666a3 sp=0x0000008429bfd090 mode 2

Classes unloaded (7 events):
Event: 2.279 Thread 0x0000025b959a0970 Unloading class 0x0000000100250800 'java/lang/invoke/LambdaForm$MH+0x0000000100250800'
Event: 2.279 Thread 0x0000025b959a0970 Unloading class 0x0000000100250400 'java/lang/invoke/LambdaForm$MH+0x0000000100250400'
Event: 2.279 Thread 0x0000025b959a0970 Unloading class 0x0000000100250000 'java/lang/invoke/LambdaForm$MH+0x0000000100250000'
Event: 2.279 Thread 0x0000025b959a0970 Unloading class 0x000000010024bc00 'java/lang/invoke/LambdaForm$MH+0x000000010024bc00'
Event: 2.279 Thread 0x0000025b959a0970 Unloading class 0x000000010024b800 'java/lang/invoke/LambdaForm$BMH+0x000000010024b800'
Event: 2.279 Thread 0x0000025b959a0970 Unloading class 0x000000010024b400 'java/lang/invoke/LambdaForm$DMH+0x000000010024b400'
Event: 2.279 Thread 0x0000025b959a0970 Unloading class 0x0000000100248800 'java/lang/invoke/LambdaForm$DMH+0x0000000100248800'

Classes redefined (0 events):
No events

Internal exceptions (20 events):
Event: 6.263 Thread 0x0000025b9c1c1cb0 Exception <a 'sun/nio/fs/WindowsException'{0x00000000eb031718}> (0x00000000eb031718) 
thrown [s\src\hotspot\share\prims\jni.cpp, line 516]
Event: 6.263 Thread 0x0000025b9c1c1cb0 Exception <a 'sun/nio/fs/WindowsException'{0x00000000eb0359c0}> (0x00000000eb0359c0) 
thrown [s\src\hotspot\share\prims\jni.cpp, line 516]
Event: 6.263 Thread 0x0000025b9c1c1cb0 Exception <a 'sun/nio/fs/WindowsException'{0x00000000eb0361c8}> (0x00000000eb0361c8) 
thrown [s\src\hotspot\share\prims\jni.cpp, line 516]
Event: 6.283 Thread 0x0000025b9a3999d0 Exception <a 'sun/nio/fs/WindowsException'{0x00000000eb57bae8}> (0x00000000eb57bae8) 
thrown [s\src\hotspot\share\prims\jni.cpp, line 516]
Event: 6.284 Thread 0x0000025b9a3999d0 Exception <a 'sun/nio/fs/WindowsException'{0x00000000eb57fa48}> (0x00000000eb57fa48) 
thrown [s\src\hotspot\share\prims\jni.cpp, line 516]
Event: 6.285 Thread 0x0000025b9a3999d0 Exception <a 'sun/nio/fs/WindowsException'{0x00000000eb7456c0}> (0x00000000eb7456c0) 
thrown [s\src\hotspot\share\prims\jni.cpp, line 516]
Event: 6.285 Thread 0x0000025b9a3999d0 Exception <a 'sun/nio/fs/WindowsException'{0x00000000eb74a410}> (0x00000000eb74a410) 
thrown [s\src\hotspot\share\prims\jni.cpp, line 516]
Event: 6.285 Thread 0x0000025b9a3999d0 Exception <a 'sun/nio/fs/WindowsException'{0x00000000eb839e68}> (0x00000000eb839e68) 
thrown [s\src\hotspot\share\prims\jni.cpp, line 516]
Event: 6.287 Thread 0x0000025b9a3999d0 Exception <a 'sun/nio/fs/WindowsException'{0x00000000eb983208}> (0x00000000eb983208) 
thrown [s\src\hotspot\share\prims\jni.cpp, line 516]
Event: 6.288 Thread 0x0000025b9a3999d0 Exception <a 'sun/nio/fs/WindowsException'{0x00000000eb9b7e90}> (0x00000000eb9b7e90) 
thrown [s\src\hotspot\share\prims\jni.cpp, line 516]
Event: 6.288 Thread 0x0000025b9a3999d0 Exception <a 'sun/nio/fs/WindowsException'{0x00000000eb9ba9d0}> (0x00000000eb9ba9d0) 
thrown [s\src\hotspot\share\prims\jni.cpp, line 516]
Event: 6.291 Thread 0x0000025b9a3999d0 Exception <a 'sun/nio/fs/WindowsException'{0x00000000ebb5bdf0}> (0x00000000ebb5bdf0) 
thrown [s\src\hotspot\share\prims\jni.cpp, line 516]
Event: 6.291 Thread 0x0000025b9a3999d0 Exception <a 'sun/nio/fs/WindowsException'{0x00000000ebb60738}> (0x00000000ebb60738) 
thrown [s\src\hotspot\share\prims\jni.cpp, line 516]
Event: 6.292 Thread 0x0000025b9a3999d0 Exception <a 'sun/nio/fs/WindowsException'{0x00000000ebb71d18}> (0x00000000ebb71d18) 
thrown [s\src\hotspot\share\prims\jni.cpp, line 516]
Event: 6.294 Thread 0x0000025b9a3999d0 Exception <a 'sun/nio/fs/WindowsException'{0x00000000ebbf4060}> (0x00000000ebbf4060) 
thrown [s\src\hotspot\share\prims\jni.cpp, line 516]
Event: 6.294 Thread 0x0000025b9a3999d0 Exception <a 'sun/nio/fs/WindowsException'{0x00000000ebbf89c0}> (0x00000000ebbf89c0) 
thrown [s\src\hotspot\share\prims\jni.cpp, line 516]
Event: 6.295 Thread 0x0000025b9a3999d0 Exception <a 'sun/nio/fs/WindowsException'{0x00000000ebc0f180}> (0x00000000ebc0f180) 
thrown [s\src\hotspot\share\prims\jni.cpp, line 516]
Event: 6.338 Thread 0x0000025b9a3999d0 Exception <a 'sun/nio/fs/WindowsException'{0x00000000eab00730}> (0x00000000eab00730) 
thrown [s\src\hotspot\share\prims\jni.cpp, line 516]
Event: 6.346 Thread 0x0000025b9a3999d0 Exception <a 'sun/nio/fs/WindowsException'{0x00000000eb194c10}> (0x00000000eb194c10) 
thrown [s\src\hotspot\share\prims\jni.cpp, line 516]
Event: 6.369 Thread 0x0000025b9a3999d0 Exception <a 'sun/nio/fs/WindowsException'{0x00000000eaf1fa18}> (0x00000000eaf1fa18) 
thrown [s\src\hotspot\share\prims\jni.cpp, line 516]

VM Operations (20 events):
Event: 6.013 Executing VM operation: HandshakeAllThreads done
Event: 6.029 Executing VM operation: ParallelGCFailedAllocation
Event: 6.034 Executing VM operation: ParallelGCFailedAllocation done
Event: 6.073 Executing VM operation: HandshakeAllThreads
Event: 6.073 Executing VM operation: HandshakeAllThreads done
Event: 6.116 Executing VM operation: ICBufferFull
Event: 6.116 Executing VM operation: ICBufferFull done
Event: 6.169 Executing VM operation: ParallelGCFailedAllocation
Event: 6.172 Executing VM operation: ParallelGCFailedAllocation done
Event: 6.229 Executing VM operation: ParallelGCFailedAllocation
Event: 6.239 Executing VM operation: ParallelGCFailedAllocation done
Event: 6.295 Executing VM operation: ParallelGCFailedAllocation
Event: 6.301 Executing VM operation: ParallelGCFailedAllocation done
Event: 6.309 Executing VM operation: HandshakeAllThreads
Event: 6.311 Executing VM operation: HandshakeAllThreads done
Event: 6.333 Executing VM operation: ParallelGCFailedAllocation
Event: 6.338 Executing VM operation: ParallelGCFailedAllocation done
Event: 6.360 Executing VM operation: ParallelGCFailedAllocation
Event: 6.365 Executing VM operation: ParallelGCFailedAllocation done
Event: 6.386 Executing VM operation: ParallelGCFailedAllocation

Events (20 events):
Event: 5.713 loading class java/io/FileReader done
Event: 5.713 loading class java/lang/UnsupportedClassVersionError
Event: 5.713 loading class java/lang/UnsupportedClassVersionError done
Event: 5.718 loading class jdk/internal/reflect/UnsafeQualifiedStaticIntegerFieldAccessorImpl
Event: 5.718 loading class jdk/internal/reflect/UnsafeQualifiedStaticIntegerFieldAccessorImpl done
Event: 5.820 Thread 0x0000025ba8ce0410 Thread added: 0x0000025ba8ce0410
Event: 5.885 loading class java/util/concurrent/ForkJoinTask$AdaptedCallable
Event: 5.885 loading class java/util/concurrent/ForkJoinTask$AdaptedCallable done
Event: 5.885 loading class java/util/concurrent/CountedCompleter
Event: 5.886 loading class java/util/concurrent/CountedCompleter done
Event: 5.886 Thread 0x0000025ba8ce0e30 Thread added: 0x0000025ba8ce0e30
Event: 5.892 Thread 0x0000025ba8cdae00 Thread added: 0x0000025ba8cdae00
Event: 6.117 Thread 0x0000025ba8ce0410 Thread exited: 0x0000025ba8ce0410
Event: 6.168 loading class java/util/ArrayDeque$DeqSpliterator
Event: 6.168 loading class java/util/ArrayDeque$DeqSpliterator done
Event: 6.292 loading class java/util/LinkedList$LLSpliterator
Event: 6.292 loading class java/util/LinkedList$LLSpliterator done
Event: 6.318 Thread 0x0000025ba8ce2780 Thread added: 0x0000025ba8ce2780
Event: 6.330 loading class javax/xml/transform/TransformerConfigurationException
Event: 6.330 loading class javax/xml/transform/TransformerConfigurationException done


Dynamic libraries:
0x00007ff6aed70000 - 0x00007ff6aed7e000 	c:\Users\pazsn\.vscode\extensions\redhat.java-1.31.0-win32-x64\jre\17.0.11-win32-x86_64\bin\java.exe
0x00007ffc15a70000 - 0x00007ffc15c87000 	C:\Windows\SYSTEM32\ntdll.dll
0x00007ffc14b30000 - 0x00007ffc14bf4000 	C:\Windows\System32\KERNEL32.DLL
0x00007ffc13110000 - 0x00007ffc134bc000 	C:\Windows\System32\KERNELBASE.dll
0x00007ffc134f0000 - 0x00007ffc13601000 	C:\Windows\System32\ucrtbase.dll
0x00007ffbdb9d0000 - 0x00007ffbdb9eb000 	c:\Users\pazsn\.vscode\extensions\redhat.java-1.31.0-win32-x64\jre\17.0.11-win32-x86_64\bin\VCRUNTIME140.dll
0x00007ffbf0b90000 - 0x00007ffbf0ba7000 	c:\Users\pazsn\.vscode\extensions\redhat.java-1.31.0-win32-x64\jre\17.0.11-win32-x86_64\bin\jli.dll
0x00007ffc13be0000 - 0x00007ffc13d8e000 	C:\Windows\System32\USER32.dll
0x00007ffc0cdb0000 - 0x00007ffc0d043000 	C:\Windows\WinSxS\amd64_microsoft.windows.common-controls_6595b64144ccf1df_6.0.22621.3672_none_2713b9d173822955\COMCTL32.dll
0x00007ffc134c0000 - 0x00007ffc134e6000 	C:\Windows\System32\win32u.dll
0x00007ffc15980000 - 0x00007ffc159a9000 	C:\Windows\System32\GDI32.dll
0x00007ffc14860000 - 0x00007ffc14907000 	C:\Windows\System32\msvcrt.dll
0x00007ffc13690000 - 0x00007ffc137a9000 	C:\Windows\System32\gdi32full.dll
0x00007ffc13070000 - 0x00007ffc1310a000 	C:\Windows\System32\msvcp_win.dll
0x00007ffc14820000 - 0x00007ffc14851000 	C:\Windows\System32\IMM32.DLL
0x00007ffc04550000 - 0x00007ffc0455c000 	c:\Users\pazsn\.vscode\extensions\redhat.java-1.31.0-win32-x64\jre\17.0.11-win32-x86_64\bin\vcruntime140_1.dll
0x00007ffbbc890000 - 0x00007ffbbc91d000 	c:\Users\pazsn\.vscode\extensions\redhat.java-1.31.0-win32-x64\jre\17.0.11-win32-x86_64\bin\msvcp140.dll
0x00007ffb2ed90000 - 0x00007ffb2f9f2000 	c:\Users\pazsn\.vscode\extensions\redhat.java-1.31.0-win32-x64\jre\17.0.11-win32-x86_64\bin\server\jvm.dll
0x00007ffc15230000 - 0x00007ffc152e2000 	C:\Windows\System32\ADVAPI32.dll
0x00007ffc13f10000 - 0x00007ffc13fba000 	C:\Windows\System32\sechost.dll
0x00007ffc12e10000 - 0x00007ffc12e38000 	C:\Windows\System32\bcrypt.dll
0x00007ffc139c0000 - 0x00007ffc13ad5000 	C:\Windows\System32\RPCRT4.dll
0x00007ffbfb6d0000 - 0x00007ffbfb6d9000 	C:\Windows\SYSTEM32\WSOCK32.dll
0x00007ffc11bf0000 - 0x00007ffc11c3d000 	C:\Windows\SYSTEM32\POWRPROF.dll
0x00007ffc08730000 - 0x00007ffc08764000 	C:\Windows\SYSTEM32\WINMM.dll
0x00007ffc0e890000 - 0x00007ffc0e89a000 	C:\Windows\SYSTEM32\VERSION.dll
0x00007ffc159b0000 - 0x00007ffc15a21000 	C:\Windows\System32\WS2_32.dll
0x00007ffc11bd0000 - 0x00007ffc11be3000 	C:\Windows\SYSTEM32\UMPDC.dll
0x00007ffc11e90000 - 0x00007ffc11ea8000 	C:\Windows\SYSTEM32\kernel.appcore.dll
0x00007ffbf9020000 - 0x00007ffbf902a000 	c:\Users\pazsn\.vscode\extensions\redhat.java-1.31.0-win32-x64\jre\17.0.11-win32-x86_64\bin\jimage.dll
0x00007ffc10290000 - 0x00007ffc104c2000 	C:\Windows\SYSTEM32\DBGHELP.DLL
0x00007ffc15570000 - 0x00007ffc158f8000 	C:\Windows\System32\combase.dll
0x00007ffc13b00000 - 0x00007ffc13bd7000 	C:\Windows\System32\OLEAUT32.dll
0x00007ffc0f300000 - 0x00007ffc0f332000 	C:\Windows\SYSTEM32\dbgcore.DLL
0x00007ffc13610000 - 0x00007ffc1368b000 	C:\Windows\System32\bcryptPrimitives.dll
0x00007ffbf8d70000 - 0x00007ffbf8d7e000 	c:\Users\pazsn\.vscode\extensions\redhat.java-1.31.0-win32-x64\jre\17.0.11-win32-x86_64\bin\instrument.dll
0x00007ffbd6610000 - 0x00007ffbd6635000 	c:\Users\pazsn\.vscode\extensions\redhat.java-1.31.0-win32-x64\jre\17.0.11-win32-x86_64\bin\java.dll
0x00007ffbd2790000 - 0x00007ffbd27a8000 	c:\Users\pazsn\.vscode\extensions\redhat.java-1.31.0-win32-x64\jre\17.0.11-win32-x86_64\bin\zip.dll
0x00007ffc13fc0000 - 0x00007ffc1481c000 	C:\Windows\System32\SHELL32.dll
0x00007ffc10cb0000 - 0x00007ffc115a7000 	C:\Windows\SYSTEM32\windows.storage.dll
0x00007ffc10b70000 - 0x00007ffc10caf000 	C:\Windows\SYSTEM32\wintypes.dll
0x00007ffc14cb0000 - 0x00007ffc14da4000 	C:\Windows\System32\SHCORE.dll
0x00007ffc14910000 - 0x00007ffc1496e000 	C:\Windows\System32\shlwapi.dll
0x00007ffc12cd0000 - 0x00007ffc12cf1000 	C:\Windows\SYSTEM32\profapi.dll
0x00007ffbd2140000 - 0x00007ffbd2159000 	C:\Users\pazsn\.vscode\extensions\redhat.java-1.31.0-win32-x64\jre\17.0.11-win32-x86_64\bin\net.dll
0x00007ffc066e0000 - 0x00007ffc06816000 	C:\Windows\SYSTEM32\WINHTTP.dll
0x00007ffc122f0000 - 0x00007ffc12359000 	C:\Windows\system32\mswsock.dll
0x00007ffbd1e70000 - 0x00007ffbd1e86000 	C:\Users\pazsn\.vscode\extensions\redhat.java-1.31.0-win32-x64\jre\17.0.11-win32-x86_64\bin\nio.dll
0x00007ffbf0b80000 - 0x00007ffbf0b90000 	c:\Users\pazsn\.vscode\extensions\redhat.java-1.31.0-win32-x64\jre\17.0.11-win32-x86_64\bin\verify.dll
0x00007ffbc0290000 - 0x00007ffbc02d4000 	C:\Users\pazsn\AppData\Roaming\Code\User\globalStorage\redhat.java\1.31.0\config_win\org.eclipse.equinox.launcher\org.eclipse.equinox.launcher.win32.win32.x86_64_1.2.1000.v20240507-1834\eclipse_11902.dll
0x00007ffc14970000 - 0x00007ffc14b15000 	C:\Windows\System32\ole32.dll
0x00007ffc12520000 - 0x00007ffc1253b000 	C:\Windows\SYSTEM32\CRYPTSP.dll
0x00007ffc11df0000 - 0x00007ffc11e25000 	C:\Windows\system32\rsaenh.dll
0x00007ffc123b0000 - 0x00007ffc123d8000 	C:\Windows\SYSTEM32\USERENV.dll
0x00007ffc12540000 - 0x00007ffc1254c000 	C:\Windows\SYSTEM32\CRYPTBASE.dll
0x00007ffc11800000 - 0x00007ffc1182d000 	C:\Windows\SYSTEM32\IPHLPAPI.DLL
0x00007ffc15560000 - 0x00007ffc15569000 	C:\Windows\System32\NSI.dll
0x00007ffc06610000 - 0x00007ffc06629000 	C:\Windows\SYSTEM32\dhcpcsvc6.DLL
0x00007ffc07cf0000 - 0x00007ffc07d0f000 	C:\Windows\SYSTEM32\dhcpcsvc.DLL
0x00007ffc11830000 - 0x00007ffc11928000 	C:\Windows\SYSTEM32\DNSAPI.dll
0x00007ffbb94d0000 - 0x00007ffbb9515000 	C:\Users\pazsn\AppData\Local\Temp\jna-106444996\jna18261708573350862699.dll
0x00007ffc14b20000 - 0x00007ffc14b28000 	C:\Windows\System32\PSAPI.DLL
0x00007ffbf03d0000 - 0x00007ffbf03de000 	C:\Users\pazsn\.vscode\extensions\redhat.java-1.31.0-win32-x64\jre\17.0.11-win32-x86_64\bin\sunmscapi.dll
0x00007ffc12e40000 - 0x00007ffc12fa7000 	C:\Windows\System32\CRYPT32.dll
0x00007ffc12730000 - 0x00007ffc1275e000 	C:\Windows\SYSTEM32\ncrypt.dll
0x00007ffc126f0000 - 0x00007ffc12727000 	C:\Windows\SYSTEM32\NTASN1.dll

dbghelp: loaded successfully - version: 4.0.5 - missing functions: none
symbol engine: initialized successfully - sym options: 0x614 - pdb path: .;c:\Users\pazsn\.vscode\extensions\redhat.java-1.31.0-win32-x64\jre\17.0.11-win32-x86_64\bin;C:\Windows\SYSTEM32;C:\Windows\WinSxS\amd64_microsoft.windows.common-controls_6595b64144ccf1df_6.0.22621.3672_none_2713b9d173822955;c:\Users\pazsn\.vscode\extensions\redhat.java-1.31.0-win32-x64\jre\17.0.11-win32-x86_64\bin\server;C:\Users\pazsn\AppData\Roaming\Code\User\globalStorage\redhat.java\1.31.0\config_win\org.eclipse.equinox.launcher\org.eclipse.equinox.launcher.win32.win32.x86_64_1.2.1000.v20240507-1834;C:\Users\pazsn\AppData\Local\Temp\jna-106444996

VM Arguments:
jvm_args: --add-modules=ALL-SYSTEM --add-opens=java.base/java.util=ALL-UNNAMED --add-opens=java.base/java.lang=ALL-UNNAMED --add-opens=java.base/sun.nio.fs=ALL-UNNAMED -Declipse.application=org.eclipse.jdt.ls.core.id1 -Dosgi.bundles.defaultStartLevel=4 -Declipse.product=org.eclipse.jdt.ls.core.product -Djava.import.generatesMetadataFilesAtProjectRoot=false -DDetectVMInstallationsJob.disabled=true -Dfile.encoding=utf8 -XX:+UseParallelGC -XX:GCTimeRatio=4 -XX:AdaptiveSizePolicyWeight=90 -Dsun.zip.disableMemoryMapping=true -Xmx1G -Xms100m -Xlog:disable -javaagent:c:\Users\pazsn\.vscode\extensions\redhat.java-1.31.0-win32-x64\lombok\lombok-1.18.32.jar -XX:+HeapDumpOnOutOfMemoryError -XX:HeapDumpPath=c:\Users\pazsn\AppData\Roaming\Code\User\workspaceStorage\09d3e4277bdbc03ee512ce1e0c062f27\redhat.java -Daether.dependencyCollector.impl=bf 
java_command: c:\Users\pazsn\.vscode\extensions\redhat.java-1.31.0-win32-x64\server\plugins\org.eclipse.equinox.launcher_1.6.800.v20240513-1750.jar -configuration c:\Users\pazsn\AppData\Roaming\Code\User\globalStorage\redhat.java\1.31.0\config_win -data c:\Users\pazsn\AppData\Roaming\Code\User\workspaceStorage\09d3e4277bdbc03ee512ce1e0c062f27\redhat.java\jdt_ws --pipe=\\.\pipe\lsp-2aa51eba25fef99422f547b2b5a5c53b-sock
java_class_path (initial): c:\Users\pazsn\.vscode\extensions\redhat.java-1.31.0-win32-x64\server\plugins\org.eclipse.equinox.launcher_1.6.800.v20240513-1750.jar
Launcher Type: SUN_STANDARD

[Global flags]
    uintx AdaptiveSizePolicyWeight                 = 90                                        {product} {command line}
     intx CICompilerCount                          = 15                                        {product} {ergonomic}
    uintx GCTimeRatio                              = 4                                         {product} {command line}
     bool HeapDumpOnOutOfMemoryError               = true                                   {manageable} {command line}
    ccstr HeapDumpPath                             = c:\Users\pazsn\AppData\Roaming\Code\User\workspaceStorage\09d3e4277bdbc03ee512ce1e0c062f27\redhat.java         {manageable} {command line}
   size_t InitialHeapSize                          = 104857600                                 {product} {command line}
   size_t MaxHeapSize                              = 1073741824                                {product} {command line}
   size_t MaxNewSize                               = 357564416                                 {product} {ergonomic}
   size_t MinHeapDeltaBytes                        = 524288                                    {product} {ergonomic}
   size_t MinHeapSize                              = 104857600                                 {product} {command line}
   size_t NewSize                                  = 34603008                                  {product} {ergonomic}
    uintx NonNMethodCodeHeapSize                   = 8192380                                {pd product} {ergonomic}
    uintx NonProfiledCodeHeapSize                  = 121732930                              {pd product} {ergonomic}
   size_t OldSize                                  = 70254592                                  {product} {ergonomic}
    uintx ProfiledCodeHeapSize                     = 121732930                              {pd product} {ergonomic}
    uintx ReservedCodeCacheSize                    = 251658240                              {pd product} {ergonomic}
     bool SegmentedCodeCache                       = true                                      {product} {ergonomic}
   size_t SoftMaxHeapSize                          = 1073741824                             {manageable} {ergonomic}
     bool UseCompressedClassPointers               = true                           {product lp64_product} {ergonomic}
     bool UseCompressedOops                        = true                           {product lp64_product} {ergonomic}
     bool UseLargePagesIndividualAllocation        = false                                  {pd product} {ergonomic}
     bool UseParallelGC                            = true                                      {product} {command line}

Logging:
Log output configuration:
 #0: stdout all=off uptime,level,tags
 #1: stderr all=off uptime,level,tags

Environment Variables:
JAVA_HOME=C:\Users\pazsn\AppData\Local\Programs\Eclipse Adoptium\jdk-17.0.11.9-hotspot\
PATH=C:\Program Files\Common Files\Oracle\Java\javapath;C:\Program Files (x86)\Common Files\Oracle\Java\java8path;C:\Program Files (x86)\Common Files\Oracle\Java\javapath;C:\Windows\system32;C:\Windows;C:\Windows\System32\Wbem;C:\Windows\System32\WindowsPowerShell\v1.0\;C:\Windows\System32\OpenSSH\;C:\Program Files (x86)\NVIDIA Corporation\PhysX\Common;C:\Program Files\NVIDIA Corporation\NVIDIA NvDLISR;C:\Program Files (x86)\Windows Kits\10\Windows Performance Toolkit\;C:\Program Files (x86)\Bitvise SSH Client;C:\Program Files\Git\cmd;C:\Program Files\MATLAB\R2023b\bin;C:\Users\pazsn\Desktop\sqlite3;C:\Users\pazsn\AppData\Local\Programs\Eclipse Adoptium\jdk-17.0.11.9-hotspot\bin;C:\Users\pazsn\AppData\Local\Microsoft\WindowsApps;C:\Program Files\JetBrains\PyCharm Community Edition 2023.2.1\bin;;C:\Users\pazsn\AppData\Local\GitHubDesktop\bin;C:\Users\pazsn\AppData\Local\Programs\Microsoft VS Code\bin
USERNAME=pazsn
OS=Windows_NT
PROCESSOR_IDENTIFIER=Intel64 Family 6 Model 183 Stepping 1, GenuineIntel
TMP=C:\Users\pazsn\AppData\Local\Temp
TEMP=C:\Users\pazsn\AppData\Local\Temp



Periodic native trim disabled


---------------  S Y S T E M  ---------------

OS:
 Windows 11 , 64 bit Build 22621 (10.0.22621.3672)
OS uptime: 0 days 1:25 hours
Hyper-V role detected

CPU: total 32 (initial active 32) (16 cores per cpu, 2 threads per core) family 6 model 183 stepping 1 microcode 0x10f, cx8, cmov, fxsr, ht, mmx, 3dnowpref, sse, sse2, sse3, ssse3, sse4.1, sse4.2, popcnt, lzcnt, tsc, tscinvbit, avx, avx2, aes, erms, clmul, bmi1, bmi2, adx, sha, fma, vzeroupper, clflush, clflushopt, clwb, hv
Processor Information for processor 0
  Max Mhz: 2200, Current Mhz: 2200, Mhz Limit: 2200
Processor Information for processor 1
  Max Mhz: 2200, Current Mhz: 2200, Mhz Limit: 2200
Processor Information for processor 2
  Max Mhz: 2200, Current Mhz: 2200, Mhz Limit: 2200
Processor Information for processor 3
  Max Mhz: 2200, Current Mhz: 2200, Mhz Limit: 2200
Processor Information for processor 4
  Max Mhz: 2200, Current Mhz: 2200, Mhz Limit: 2200
Processor Information for processor 5
  Max Mhz: 2200, Current Mhz: 2200, Mhz Limit: 2200
Processor Information for processor 6
  Max Mhz: 2200, Current Mhz: 2200, Mhz Limit: 2200
Processor Information for processor 7
  Max Mhz: 2200, Current Mhz: 2200, Mhz Limit: 2200
Processor Information for processor 8
  Max Mhz: 2200, Current Mhz: 2200, Mhz Limit: 2200
Processor Information for processor 9
  Max Mhz: 2200, Current Mhz: 2200, Mhz Limit: 2200
Processor Information for processor 10
  Max Mhz: 2200, Current Mhz: 2200, Mhz Limit: 2200
Processor Information for processor 11
  Max Mhz: 2200, Current Mhz: 2200, Mhz Limit: 2200
Processor Information for processor 12
  Max Mhz: 2200, Current Mhz: 2200, Mhz Limit: 2200
Processor Information for processor 13
  Max Mhz: 2200, Current Mhz: 2200, Mhz Limit: 2200
Processor Information for processor 14
  Max Mhz: 2200, Current Mhz: 2200, Mhz Limit: 2200
Processor Information for processor 15
  Max Mhz: 2200, Current Mhz: 2200, Mhz Limit: 2200
Processor Information for processor 16
  Max Mhz: 2200, Current Mhz: 1500, Mhz Limit: 1584
Processor Information for processor 17
  Max Mhz: 2200, Current Mhz: 1600, Mhz Limit: 1584
Processor Information for processor 18
  Max Mhz: 2200, Current Mhz: 1600, Mhz Limit: 1584
Processor Information for processor 19
  Max Mhz: 2200, Current Mhz: 1600, Mhz Limit: 1584
Processor Information for processor 20
  Max Mhz: 2200, Current Mhz: 1600, Mhz Limit: 1584
Processor Information for processor 21
  Max Mhz: 2200, Current Mhz: 1600, Mhz Limit: 1584
Processor Information for processor 22
  Max Mhz: 2200, Current Mhz: 1600, Mhz Limit: 1584
Processor Information for processor 23
  Max Mhz: 2200, Current Mhz: 1600, Mhz Limit: 1584
Processor Information for processor 24
  Max Mhz: 2200, Current Mhz: 1600, Mhz Limit: 1584
Processor Information for processor 25
  Max Mhz: 2200, Current Mhz: 1500, Mhz Limit: 1584
Processor Information for processor 26
  Max Mhz: 2200, Current Mhz: 1600, Mhz Limit: 1584
Processor Information for processor 27
  Max Mhz: 2200, Current Mhz: 1600, Mhz Limit: 1584
Processor Information for processor 28
  Max Mhz: 2200, Current Mhz: 1600, Mhz Limit: 1584
Processor Information for processor 29
  Max Mhz: 2200, Current Mhz: 1600, Mhz Limit: 1584
Processor Information for processor 30
  Max Mhz: 2200, Current Mhz: 1600, Mhz Limit: 1584
Processor Information for processor 31
  Max Mhz: 2200, Current Mhz: 1600, Mhz Limit: 1584

Memory: 4k page, system-wide physical 32396M (5440M free)
TotalPageFile size 130700M (AvailPageFile size 1M)
current process WorkingSet (physical memory assigned to process): 407M, peak: 407M
current process commit charge ("private bytes"): 522M, peak: 525M

vm_info: OpenJDK 64-Bit Server VM (17.0.11+9) for windows-amd64 JRE (17.0.11+9), built on Apr 17 2024 06:07:48 by "admin" with MS VC++ 16.10 / 16.11 (VS2019)

END.
